{"/home/runner/work/winti-guide-app/winti-guide-app/src/components/AiGuideCard.tsx": {"path":"/home/runner/work/winti-guide-app/winti-guide-app/src/components/AiGuideCard.tsx","statementMap":{"0":{"start":{"line":17,"column":26},"end":{"line":21,"column":1}},"1":{"start":{"line":24,"column":34},"end":{"line":24,"column":61}},"2":{"start":{"line":25,"column":36},"end":{"line":25,"column":48}},"3":{"start":{"line":26,"column":36},"end":{"line":26,"column":51}},"4":{"start":{"line":27,"column":24},"end":{"line":27,"column":48}},"5":{"start":{"line":29,"column":26},"end":{"line":29,"column":47}},"6":{"start":{"line":31,"column":22},"end":{"line":57,"column":3}},"7":{"start":{"line":32,"column":20},"end":{"line":32,"column":35}},"8":{"start":{"line":33,"column":4},"end":{"line":33,"column":38}},"9":{"start":{"line":33,"column":31},"end":{"line":33,"column":38}},"10":{"start":{"line":35,"column":33},"end":{"line":35,"column":64}},"11":{"start":{"line":36,"column":25},"end":{"line":36,"column":47}},"12":{"start":{"line":37,"column":4},"end":{"line":37,"column":30}},"13":{"start":{"line":38,"column":4},"end":{"line":38,"column":21}},"14":{"start":{"line":39,"column":4},"end":{"line":39,"column":23}},"15":{"start":{"line":41,"column":4},"end":{"line":41,"column":82}},"16":{"start":{"line":41,"column":21},"end":{"line":41,"column":75}},"17":{"start":{"line":43,"column":4},"end":{"line":56,"column":5}},"18":{"start":{"line":44,"column":20},"end":{"line":44,"column":55}},"19":{"start":{"line":45,"column":40},"end":{"line":45,"column":74}},"20":{"start":{"line":46,"column":6},"end":{"line":46,"column":51}},"21":{"start":{"line":48,"column":36},"end":{"line":51,"column":7}},"22":{"start":{"line":52,"column":6},"end":{"line":52,"column":47}},"23":{"start":{"line":54,"column":6},"end":{"line":54,"column":26}},"24":{"start":{"line":55,"column":6},"end":{"line":55,"column":84}},"25":{"start":{"line":55,"column":23},"end":{"line":55,"column":77}},"26":{"start":{"line":59,"column":2},"end":{"line":157,"column":4}},"27":{"start":{"line":77,"column":14},"end":{"line":84,"column":33}},"28":{"start":{"line":80,"column":31},"end":{"line":80,"column":54}},"29":{"start":{"line":98,"column":14},"end":{"line":116,"column":21}},"30":{"start":{"line":139,"column":35},"end":{"line":139,"column":57}},"31":{"start":{"line":144,"column":27},"end":{"line":144,"column":49}},"32":{"start":{"line":160,"column":15},"end":{"line":307,"column":2}}},"fnMap":{"0":{"name":"AiGuideCard","decl":{"start":{"line":23,"column":16},"end":{"line":23,"column":27}},"loc":{"start":{"line":23,"column":30},"end":{"line":158,"column":1}},"line":23},"1":{"name":"(anonymous_1)","decl":{"start":{"line":31,"column":22},"end":{"line":31,"column":23}},"loc":{"start":{"line":31,"column":50},"end":{"line":57,"column":3}},"line":31},"2":{"name":"(anonymous_2)","decl":{"start":{"line":41,"column":15},"end":{"line":41,"column":16}},"loc":{"start":{"line":41,"column":21},"end":{"line":41,"column":75}},"line":41},"3":{"name":"(anonymous_3)","decl":{"start":{"line":55,"column":17},"end":{"line":55,"column":18}},"loc":{"start":{"line":55,"column":23},"end":{"line":55,"column":77}},"line":55},"4":{"name":"(anonymous_4)","decl":{"start":{"line":76,"column":35},"end":{"line":76,"column":36}},"loc":{"start":{"line":77,"column":14},"end":{"line":84,"column":33}},"line":77},"5":{"name":"(anonymous_5)","decl":{"start":{"line":80,"column":25},"end":{"line":80,"column":26}},"loc":{"start":{"line":80,"column":31},"end":{"line":80,"column":54}},"line":80},"6":{"name":"(anonymous_6)","decl":{"start":{"line":97,"column":26},"end":{"line":97,"column":27}},"loc":{"start":{"line":98,"column":14},"end":{"line":116,"column":21}},"line":98},"7":{"name":"(anonymous_7)","decl":{"start":{"line":139,"column":29},"end":{"line":139,"column":30}},"loc":{"start":{"line":139,"column":35},"end":{"line":139,"column":57}},"line":139},"8":{"name":"(anonymous_8)","decl":{"start":{"line":144,"column":21},"end":{"line":144,"column":22}},"loc":{"start":{"line":144,"column":27},"end":{"line":144,"column":49}},"line":144}},"branchMap":{"0":{"loc":{"start":{"line":33,"column":4},"end":{"line":33,"column":38}},"type":"if","locations":[{"start":{"line":33,"column":4},"end":{"line":33,"column":38}},{"start":{},"end":{}}],"line":33},"1":{"loc":{"start":{"line":33,"column":8},"end":{"line":33,"column":29}},"type":"binary-expr","locations":[{"start":{"line":33,"column":8},"end":{"line":33,"column":16}},{"start":{"line":33,"column":20},"end":{"line":33,"column":29}}],"line":33},"2":{"loc":{"start":{"line":60,"column":36},"end":{"line":60,"column":81}},"type":"cond-expr","locations":[{"start":{"line":60,"column":60},"end":{"line":60,"column":69}},{"start":{"line":60,"column":72},"end":{"line":60,"column":81}}],"line":60},"3":{"loc":{"start":{"line":74,"column":9},"end":{"line":87,"column":9}},"type":"binary-expr","locations":[{"start":{"line":74,"column":9},"end":{"line":74,"column":24}},{"start":{"line":75,"column":10},"end":{"line":86,"column":17}}],"line":74},"4":{"loc":{"start":{"line":90,"column":9},"end":{"line":128,"column":9}},"type":"binary-expr","locations":[{"start":{"line":90,"column":9},"end":{"line":90,"column":28}},{"start":{"line":91,"column":10},"end":{"line":127,"column":23}}],"line":90},"5":{"loc":{"start":{"line":102,"column":18},"end":{"line":102,"column":82}},"type":"cond-expr","locations":[{"start":{"line":102,"column":40},"end":{"line":102,"column":57}},{"start":{"line":102,"column":60},"end":{"line":102,"column":82}}],"line":102},"6":{"loc":{"start":{"line":105,"column":17},"end":{"line":107,"column":17}},"type":"binary-expr","locations":[{"start":{"line":105,"column":17},"end":{"line":105,"column":41}},{"start":{"line":106,"column":18},"end":{"line":106,"column":63}}],"line":105},"7":{"loc":{"start":{"line":111,"column":20},"end":{"line":111,"column":80}},"type":"cond-expr","locations":[{"start":{"line":111,"column":42},"end":{"line":111,"column":57}},{"start":{"line":111,"column":60},"end":{"line":111,"column":80}}],"line":111},"8":{"loc":{"start":{"line":118,"column":13},"end":{"line":126,"column":13}},"type":"binary-expr","locations":[{"start":{"line":118,"column":13},"end":{"line":118,"column":22}},{"start":{"line":119,"column":14},"end":{"line":125,"column":21}}],"line":118},"9":{"loc":{"start":{"line":143,"column":39},"end":{"line":143,"column":100}},"type":"binary-expr","locations":[{"start":{"line":143,"column":40},"end":{"line":143,"column":57}},{"start":{"line":143,"column":61},"end":{"line":143,"column":70}},{"start":{"line":143,"column":75},"end":{"line":143,"column":100}}],"line":143},"10":{"loc":{"start":{"line":145,"column":22},"end":{"line":145,"column":52}},"type":"binary-expr","locations":[{"start":{"line":145,"column":22},"end":{"line":145,"column":39}},{"start":{"line":145,"column":43},"end":{"line":145,"column":52}}],"line":145},"11":{"loc":{"start":{"line":151,"column":21},"end":{"line":151,"column":88}},"type":"cond-expr","locations":[{"start":{"line":151,"column":54},"end":{"line":151,"column":63}},{"start":{"line":151,"column":66},"end":{"line":151,"column":88}}],"line":151},"12":{"loc":{"start":{"line":151,"column":21},"end":{"line":151,"column":51}},"type":"binary-expr","locations":[{"start":{"line":151,"column":21},"end":{"line":151,"column":37}},{"start":{"line":151,"column":41},"end":{"line":151,"column":51}}],"line":151}},"s":{"0":0,"1":0,"2":0,"3":0,"4":0,"5":0,"6":0,"7":0,"8":0,"9":0,"10":0,"11":0,"12":0,"13":0,"14":0,"15":0,"16":0,"17":0,"18":0,"19":0,"20":0,"21":0,"22":0,"23":0,"24":0,"25":0,"26":0,"27":0,"28":0,"29":0,"30":0,"31":0,"32":0},"f":{"0":0,"1":0,"2":0,"3":0,"4":0,"5":0,"6":0,"7":0,"8":0},"b":{"0":[0,0],"1":[0,0],"2":[0,0],"3":[0,0],"4":[0,0],"5":[0,0],"6":[0,0],"7":[0,0],"8":[0,0],"9":[0,0,0],"10":[0,0],"11":[0,0],"12":[0,0]}}
,"/home/runner/work/winti-guide-app/winti-guide-app/src/components/CategoryFilter.tsx": {"path":"/home/runner/work/winti-guide-app/winti-guide-app/src/components/CategoryFilter.tsx","statementMap":{"0":{"start":{"line":21,"column":35},"end":{"line":32,"column":1}},"1":{"start":{"line":40,"column":2},"end":{"line":68,"column":4}},"2":{"start":{"line":48,"column":25},"end":{"line":48,"column":45}},"3":{"start":{"line":49,"column":8},"end":{"line":65,"column":10}},"4":{"start":{"line":53,"column":27},"end":{"line":53,"column":44}},"5":{"start":{"line":71,"column":15},"end":{"line":103,"column":2}}},"fnMap":{"0":{"name":"CategoryFilter","decl":{"start":{"line":39,"column":16},"end":{"line":39,"column":30}},"loc":{"start":{"line":39,"column":76},"end":{"line":69,"column":1}},"line":39},"1":{"name":"(anonymous_1)","decl":{"start":{"line":47,"column":22},"end":{"line":47,"column":23}},"loc":{"start":{"line":47,"column":31},"end":{"line":66,"column":7}},"line":47},"2":{"name":"(anonymous_2)","decl":{"start":{"line":53,"column":21},"end":{"line":53,"column":22}},"loc":{"start":{"line":53,"column":27},"end":{"line":53,"column":44}},"line":53}},"branchMap":{"0":{"loc":{"start":{"line":52,"column":33},"end":{"line":52,"column":62}},"type":"binary-expr","locations":[{"start":{"line":52,"column":33},"end":{"line":52,"column":41}},{"start":{"line":52,"column":45},"end":{"line":52,"column":62}}],"line":52},"1":{"loc":{"start":{"line":59,"column":21},"end":{"line":59,"column":64}},"type":"cond-expr","locations":[{"start":{"line":59,"column":32},"end":{"line":59,"column":41}},{"start":{"line":59,"column":44},"end":{"line":59,"column":64}}],"line":59},"2":{"loc":{"start":{"line":61,"column":40},"end":{"line":61,"column":70}},"type":"binary-expr","locations":[{"start":{"line":61,"column":40},"end":{"line":61,"column":48}},{"start":{"line":61,"column":52},"end":{"line":61,"column":70}}],"line":61}},"s":{"0":1,"1":15,"2":150,"3":150,"4":11,"5":1},"f":{"0":15,"1":150,"2":11},"b":{"0":[150,15],"1":[15,135],"2":[150,15]},"_coverageSchema":"1a1c01bbd47fc00a2c39e90264f33305004495a9","hash":"87e4c67a29dbff773d24e908857d4bb1d60f1dbf"}
,"/home/runner/work/winti-guide-app/winti-guide-app/src/components/EventCard.tsx": {"path":"/home/runner/work/winti-guide-app/winti-guide-app/src/components/EventCard.tsx","statementMap":{"0":{"start":{"line":13,"column":47},"end":{"line":22,"column":1}},"1":{"start":{"line":29,"column":2},"end":{"line":34,"column":3}},"2":{"start":{"line":30,"column":17},"end":{"line":30,"column":48}},"3":{"start":{"line":31,"column":4},"end":{"line":31,"column":80}},"4":{"start":{"line":33,"column":4},"end":{"line":33,"column":14}},"5":{"start":{"line":38,"column":2},"end":{"line":43,"column":3}},"6":{"start":{"line":39,"column":17},"end":{"line":39,"column":48}},"7":{"start":{"line":40,"column":4},"end":{"line":40,"column":34}},"8":{"start":{"line":42,"column":4},"end":{"line":42,"column":19}},"9":{"start":{"line":47,"column":2},"end":{"line":52,"column":3}},"10":{"start":{"line":48,"column":17},"end":{"line":48,"column":48}},"11":{"start":{"line":49,"column":4},"end":{"line":49,"column":78}},"12":{"start":{"line":51,"column":4},"end":{"line":51,"column":14}},"13":{"start":{"line":56,"column":16},"end":{"line":56,"column":49}},"14":{"start":{"line":58,"column":20},"end":{"line":63,"column":3}},"15":{"start":{"line":59,"column":4},"end":{"line":62,"column":5}},"16":{"start":{"line":60,"column":18},"end":{"line":60,"column":83}},"17":{"start":{"line":61,"column":6},"end":{"line":61,"column":48}},"18":{"start":{"line":65,"column":18},"end":{"line":65,"column":77}},"19":{"start":{"line":67,"column":2},"end":{"line":128,"column":4}},"20":{"start":{"line":131,"column":15},"end":{"line":237,"column":2}}},"fnMap":{"0":{"name":"formatWeekday","decl":{"start":{"line":28,"column":9},"end":{"line":28,"column":22}},"loc":{"start":{"line":28,"column":48},"end":{"line":35,"column":1}},"line":28},"1":{"name":"formatDay","decl":{"start":{"line":37,"column":9},"end":{"line":37,"column":18}},"loc":{"start":{"line":37,"column":44},"end":{"line":44,"column":1}},"line":37},"2":{"name":"formatMonth","decl":{"start":{"line":46,"column":9},"end":{"line":46,"column":20}},"loc":{"start":{"line":46,"column":46},"end":{"line":53,"column":1}},"line":46},"3":{"name":"EventCard","decl":{"start":{"line":55,"column":16},"end":{"line":55,"column":25}},"loc":{"start":{"line":55,"column":53},"end":{"line":129,"column":1}},"line":55},"4":{"name":"(anonymous_4)","decl":{"start":{"line":58,"column":20},"end":{"line":58,"column":21}},"loc":{"start":{"line":58,"column":26},"end":{"line":63,"column":3}},"line":58}},"branchMap":{"0":{"loc":{"start":{"line":56,"column":16},"end":{"line":56,"column":49}},"type":"binary-expr","locations":[{"start":{"line":56,"column":16},"end":{"line":56,"column":41}},{"start":{"line":56,"column":45},"end":{"line":56,"column":49}}],"line":56},"1":{"loc":{"start":{"line":59,"column":4},"end":{"line":62,"column":5}},"type":"if","locations":[{"start":{"line":59,"column":4},"end":{"line":62,"column":5}},{"start":{},"end":{}}],"line":59},"2":{"loc":{"start":{"line":60,"column":18},"end":{"line":60,"column":83}},"type":"cond-expr","locations":[{"start":{"line":60,"column":49},"end":{"line":60,"column":58}},{"start":{"line":60,"column":61},"end":{"line":60,"column":83}}],"line":60},"3":{"loc":{"start":{"line":74,"column":9},"end":{"line":78,"column":9}},"type":"binary-expr","locations":[{"start":{"line":74,"column":9},"end":{"line":74,"column":16}},{"start":{"line":75,"column":10},"end":{"line":77,"column":17}}],"line":74},"4":{"loc":{"start":{"line":93,"column":9},"end":{"line":97,"column":16}},"type":"cond-expr","locations":[{"start":{"line":94,"column":10},"end":{"line":96,"column":17}},{"start":{"line":97,"column":12},"end":{"line":97,"column":16}}],"line":93},"5":{"loc":{"start":{"line":100,"column":11},"end":{"line":102,"column":18}},"type":"cond-expr","locations":[{"start":{"line":101,"column":12},"end":{"line":101,"column":70}},{"start":{"line":102,"column":14},"end":{"line":102,"column":18}}],"line":100},"6":{"loc":{"start":{"line":103,"column":11},"end":{"line":111,"column":18}},"type":"cond-expr","locations":[{"start":{"line":104,"column":12},"end":{"line":110,"column":19}},{"start":{"line":111,"column":14},"end":{"line":111,"column":18}}],"line":103},"7":{"loc":{"start":{"line":105,"column":15},"end":{"line":109,"column":37}},"type":"cond-expr","locations":[{"start":{"line":108,"column":18},"end":{"line":108,"column":32}},{"start":{"line":109,"column":18},"end":{"line":109,"column":37}}],"line":105},"8":{"loc":{"start":{"line":105,"column":15},"end":{"line":107,"column":33}},"type":"binary-expr","locations":[{"start":{"line":105,"column":15},"end":{"line":105,"column":56}},{"start":{"line":106,"column":14},"end":{"line":106,"column":50}},{"start":{"line":107,"column":14},"end":{"line":107,"column":33}}],"line":105},"9":{"loc":{"start":{"line":114,"column":9},"end":{"line":118,"column":16}},"type":"cond-expr","locations":[{"start":{"line":115,"column":10},"end":{"line":117,"column":17}},{"start":{"line":118,"column":12},"end":{"line":118,"column":16}}],"line":114},"10":{"loc":{"start":{"line":120,"column":9},"end":{"line":125,"column":16}},"type":"cond-expr","locations":[{"start":{"line":121,"column":10},"end":{"line":124,"column":29}},{"start":{"line":125,"column":12},"end":{"line":125,"column":16}}],"line":120}},"s":{"0":0,"1":0,"2":0,"3":0,"4":0,"5":0,"6":0,"7":0,"8":0,"9":0,"10":0,"11":0,"12":0,"13":0,"14":0,"15":0,"16":0,"17":0,"18":0,"19":0,"20":0},"f":{"0":0,"1":0,"2":0,"3":0,"4":0},"b":{"0":[0,0],"1":[0,0],"2":[0,0],"3":[0,0],"4":[0,0],"5":[0,0],"6":[0,0],"7":[0,0],"8":[0,0,0],"9":[0,0],"10":[0,0]}}
,"/home/runner/work/winti-guide-app/winti-guide-app/src/components/FeaturedRow.tsx": {"path":"/home/runner/work/winti-guide-app/winti-guide-app/src/components/FeaturedRow.tsx","statementMap":{"0":{"start":{"line":13,"column":19},"end":{"line":13,"column":22}},"1":{"start":{"line":14,"column":20},"end":{"line":14,"column":23}},"2":{"start":{"line":17,"column":2},"end":{"line":38,"column":4}},"3":{"start":{"line":27,"column":8},"end":{"line":35,"column":10}},"4":{"start":{"line":41,"column":15},"end":{"line":53,"column":2}}},"fnMap":{"0":{"name":"FeaturedRow","decl":{"start":{"line":16,"column":16},"end":{"line":16,"column":27}},"loc":{"start":{"line":16,"column":84},"end":{"line":39,"column":1}},"line":16},"1":{"name":"(anonymous_1)","decl":{"start":{"line":26,"column":20},"end":{"line":26,"column":21}},"loc":{"start":{"line":27,"column":8},"end":{"line":35,"column":10}},"line":27}},"branchMap":{},"s":{"0":0,"1":0,"2":0,"3":0,"4":0},"f":{"0":0,"1":0},"b":{}}
,"/home/runner/work/winti-guide-app/winti-guide-app/src/components/HeroCard.tsx": {"path":"/home/runner/work/winti-guide-app/winti-guide-app/src/components/HeroCard.tsx","statementMap":{"0":{"start":{"line":14,"column":47},"end":{"line":24,"column":1}},"1":{"start":{"line":27,"column":44},"end":{"line":37,"column":1}},"2":{"start":{"line":56,"column":18},"end":{"line":56,"column":60}},"3":{"start":{"line":57,"column":24},"end":{"line":57,"column":76}},"4":{"start":{"line":60,"column":4},"end":{"line":93,"column":11}},"5":{"start":{"line":72,"column":23},"end":{"line":72,"column":44}},"6":{"start":{"line":96,"column":2},"end":{"line":102,"column":4}},"7":{"start":{"line":105,"column":15},"end":{"line":169,"column":2}}},"fnMap":{"0":{"name":"HeroCard","decl":{"start":{"line":48,"column":16},"end":{"line":48,"column":24}},"loc":{"start":{"line":55,"column":18},"end":{"line":103,"column":1}},"line":55},"1":{"name":"(anonymous_1)","decl":{"start":{"line":72,"column":17},"end":{"line":72,"column":18}},"loc":{"start":{"line":72,"column":23},"end":{"line":72,"column":44}},"line":72}},"branchMap":{"0":{"loc":{"start":{"line":52,"column":2},"end":{"line":52,"column":13}},"type":"default-arg","locations":[{"start":{"line":52,"column":10},"end":{"line":52,"column":13}}],"line":52},"1":{"loc":{"start":{"line":53,"column":2},"end":{"line":53,"column":14}},"type":"default-arg","locations":[{"start":{"line":53,"column":11},"end":{"line":53,"column":14}}],"line":53},"2":{"loc":{"start":{"line":56,"column":18},"end":{"line":56,"column":60}},"type":"binary-expr","locations":[{"start":{"line":56,"column":18},"end":{"line":56,"column":47}},{"start":{"line":56,"column":51},"end":{"line":56,"column":60}}],"line":56},"3":{"loc":{"start":{"line":57,"column":24},"end":{"line":57,"column":76}},"type":"binary-expr","locations":[{"start":{"line":57,"column":24},"end":{"line":57,"column":56}},{"start":{"line":57,"column":60},"end":{"line":57,"column":76}}],"line":57},"4":{"loc":{"start":{"line":76,"column":16},"end":{"line":76,"column":51}},"type":"cond-expr","locations":[{"start":{"line":76,"column":26},"end":{"line":76,"column":33}},{"start":{"line":76,"column":36},"end":{"line":76,"column":51}}],"line":76},"5":{"loc":{"start":{"line":78,"column":17},"end":{"line":78,"column":59}},"type":"cond-expr","locations":[{"start":{"line":78,"column":27},"end":{"line":78,"column":47}},{"start":{"line":78,"column":50},"end":{"line":78,"column":59}}],"line":78},"6":{"loc":{"start":{"line":87,"column":9},"end":{"line":91,"column":16}},"type":"cond-expr","locations":[{"start":{"line":88,"column":10},"end":{"line":90,"column":17}},{"start":{"line":91,"column":12},"end":{"line":91,"column":16}}],"line":87}},"s":{"0":0,"1":0,"2":0,"3":0,"4":0,"5":0,"6":0,"7":0},"f":{"0":0,"1":0},"b":{"0":[0],"1":[0],"2":[0,0],"3":[0,0],"4":[0,0],"5":[0,0],"6":[0,0]}}
,"/home/runner/work/winti-guide-app/winti-guide-app/src/components/ListingCard.tsx": {"path":"/home/runner/work/winti-guide-app/winti-guide-app/src/components/ListingCard.tsx","statementMap":{"0":{"start":{"line":13,"column":47},"end":{"line":23,"column":1}},"1":{"start":{"line":25,"column":44},"end":{"line":35,"column":1}},"2":{"start":{"line":45,"column":16},"end":{"line":45,"column":56}},"3":{"start":{"line":46,"column":18},"end":{"line":46,"column":71}},"4":{"start":{"line":48,"column":24},"end":{"line":55,"column":3}},"5":{"start":{"line":49,"column":4},"end":{"line":54,"column":5}},"6":{"start":{"line":50,"column":18},"end":{"line":52,"column":38}},"7":{"start":{"line":53,"column":6},"end":{"line":53,"column":48}},"8":{"start":{"line":57,"column":22},"end":{"line":61,"column":3}},"9":{"start":{"line":58,"column":4},"end":{"line":60,"column":5}},"10":{"start":{"line":59,"column":6},"end":{"line":59,"column":67}},"11":{"start":{"line":63,"column":2},"end":{"line":140,"column":4}},"12":{"start":{"line":119,"column":27},"end":{"line":119,"column":47}},"13":{"start":{"line":130,"column":23},"end":{"line":130,"column":44}},"14":{"start":{"line":143,"column":15},"end":{"line":253,"column":2}}},"fnMap":{"0":{"name":"ListingCard","decl":{"start":{"line":44,"column":16},"end":{"line":44,"column":27}},"loc":{"start":{"line":44,"column":95},"end":{"line":141,"column":1}},"line":44},"1":{"name":"(anonymous_1)","decl":{"start":{"line":48,"column":24},"end":{"line":48,"column":25}},"loc":{"start":{"line":48,"column":30},"end":{"line":55,"column":3}},"line":48},"2":{"name":"(anonymous_2)","decl":{"start":{"line":57,"column":22},"end":{"line":57,"column":23}},"loc":{"start":{"line":57,"column":28},"end":{"line":61,"column":3}},"line":57},"3":{"name":"(anonymous_3)","decl":{"start":{"line":119,"column":21},"end":{"line":119,"column":22}},"loc":{"start":{"line":119,"column":27},"end":{"line":119,"column":47}},"line":119},"4":{"name":"(anonymous_4)","decl":{"start":{"line":130,"column":17},"end":{"line":130,"column":18}},"loc":{"start":{"line":130,"column":23},"end":{"line":130,"column":44}},"line":130}},"branchMap":{"0":{"loc":{"start":{"line":45,"column":16},"end":{"line":45,"column":56}},"type":"binary-expr","locations":[{"start":{"line":45,"column":16},"end":{"line":45,"column":48}},{"start":{"line":45,"column":52},"end":{"line":45,"column":56}}],"line":45},"1":{"loc":{"start":{"line":46,"column":18},"end":{"line":46,"column":71}},"type":"binary-expr","locations":[{"start":{"line":46,"column":18},"end":{"line":46,"column":47}},{"start":{"line":46,"column":51},"end":{"line":46,"column":71}}],"line":46},"2":{"loc":{"start":{"line":49,"column":4},"end":{"line":54,"column":5}},"type":"if","locations":[{"start":{"line":49,"column":4},"end":{"line":54,"column":5}},{"start":{},"end":{}}],"line":49},"3":{"loc":{"start":{"line":50,"column":18},"end":{"line":52,"column":38}},"type":"cond-expr","locations":[{"start":{"line":51,"column":10},"end":{"line":51,"column":25}},{"start":{"line":52,"column":10},"end":{"line":52,"column":38}}],"line":50},"4":{"loc":{"start":{"line":58,"column":4},"end":{"line":60,"column":5}},"type":"if","locations":[{"start":{"line":58,"column":4},"end":{"line":60,"column":5}},{"start":{},"end":{}}],"line":58},"5":{"loc":{"start":{"line":76,"column":11},"end":{"line":78,"column":11}},"type":"binary-expr","locations":[{"start":{"line":76,"column":11},"end":{"line":76,"column":29}},{"start":{"line":77,"column":12},"end":{"line":77,"column":46}}],"line":76},"6":{"loc":{"start":{"line":81,"column":9},"end":{"line":85,"column":16}},"type":"cond-expr","locations":[{"start":{"line":82,"column":10},"end":{"line":84,"column":17}},{"start":{"line":85,"column":12},"end":{"line":85,"column":16}}],"line":81},"7":{"loc":{"start":{"line":87,"column":9},"end":{"line":91,"column":16}},"type":"cond-expr","locations":[{"start":{"line":88,"column":10},"end":{"line":90,"column":17}},{"start":{"line":91,"column":12},"end":{"line":91,"column":16}}],"line":87},"8":{"loc":{"start":{"line":93,"column":9},"end":{"line":97,"column":16}},"type":"cond-expr","locations":[{"start":{"line":94,"column":10},"end":{"line":96,"column":17}},{"start":{"line":97,"column":12},"end":{"line":97,"column":16}}],"line":93},"9":{"loc":{"start":{"line":99,"column":9},"end":{"line":114,"column":9}},"type":"binary-expr","locations":[{"start":{"line":99,"column":10},"end":{"line":99,"column":25}},{"start":{"line":99,"column":29},"end":{"line":99,"column":42}},{"start":{"line":100,"column":10},"end":{"line":113,"column":17}}],"line":99},"10":{"loc":{"start":{"line":101,"column":13},"end":{"line":106,"column":13}},"type":"binary-expr","locations":[{"start":{"line":101,"column":13},"end":{"line":101,"column":26}},{"start":{"line":102,"column":14},"end":{"line":105,"column":33}}],"line":101},"11":{"loc":{"start":{"line":107,"column":13},"end":{"line":112,"column":13}},"type":"binary-expr","locations":[{"start":{"line":107,"column":13},"end":{"line":107,"column":28}},{"start":{"line":108,"column":14},"end":{"line":111,"column":33}}],"line":107},"12":{"loc":{"start":{"line":116,"column":9},"end":{"line":124,"column":9}},"type":"binary-expr","locations":[{"start":{"line":116,"column":9},"end":{"line":116,"column":20}},{"start":{"line":116,"column":24},"end":{"line":116,"column":43}},{"start":{"line":116,"column":47},"end":{"line":116,"column":66}},{"start":{"line":117,"column":10},"end":{"line":123,"column":29}}],"line":116},"13":{"loc":{"start":{"line":134,"column":16},"end":{"line":134,"column":51}},"type":"cond-expr","locations":[{"start":{"line":134,"column":26},"end":{"line":134,"column":33}},{"start":{"line":134,"column":36},"end":{"line":134,"column":51}}],"line":134},"14":{"loc":{"start":{"line":136,"column":17},"end":{"line":136,"column":72}},"type":"cond-expr","locations":[{"start":{"line":136,"column":27},"end":{"line":136,"column":47}},{"start":{"line":136,"column":50},"end":{"line":136,"column":72}}],"line":136}},"s":{"0":0,"1":0,"2":0,"3":0,"4":0,"5":0,"6":0,"7":0,"8":0,"9":0,"10":0,"11":0,"12":0,"13":0,"14":0},"f":{"0":0,"1":0,"2":0,"3":0,"4":0},"b":{"0":[0,0],"1":[0,0],"2":[0,0],"3":[0,0],"4":[0,0],"5":[0,0],"6":[0,0],"7":[0,0],"8":[0,0],"9":[0,0,0],"10":[0,0],"11":[0,0],"12":[0,0,0,0],"13":[0,0],"14":[0,0]}}
,"/home/runner/work/winti-guide-app/winti-guide-app/src/components/MapWebView.tsx": {"path":"/home/runner/work/winti-guide-app/winti-guide-app/src/components/MapWebView.tsx","statementMap":{"0":{"start":{"line":13,"column":2},"end":{"line":34,"column":4}},"1":{"start":{"line":24,"column":8},"end":{"line":26,"column":15}},"2":{"start":{"line":37,"column":15},"end":{"line":48,"column":2}}},"fnMap":{"0":{"name":"MapWebView","decl":{"start":{"line":12,"column":16},"end":{"line":12,"column":26}},"loc":{"start":{"line":12,"column":62},"end":{"line":35,"column":1}},"line":12},"1":{"name":"(anonymous_1)","decl":{"start":{"line":23,"column":21},"end":{"line":23,"column":22}},"loc":{"start":{"line":24,"column":8},"end":{"line":26,"column":15}},"line":24}},"branchMap":{},"s":{"0":0,"1":0,"2":0},"f":{"0":0,"1":0},"b":{}}
,"/home/runner/work/winti-guide-app/winti-guide-app/src/components/MapWebView.web.tsx": {"path":"/home/runner/work/winti-guide-app/winti-guide-app/src/components/MapWebView.web.tsx","statementMap":{"0":{"start":{"line":10,"column":2},"end":{"line":22,"column":4}}},"fnMap":{"0":{"name":"MapWebView","decl":{"start":{"line":9,"column":16},"end":{"line":9,"column":26}},"loc":{"start":{"line":9,"column":44},"end":{"line":23,"column":1}},"line":9}},"branchMap":{},"s":{"0":0},"f":{"0":0},"b":{}}
,"/home/runner/work/winti-guide-app/winti-guide-app/src/components/NavigationBar.tsx": {"path":"/home/runner/work/winti-guide-app/winti-guide-app/src/components/NavigationBar.tsx","statementMap":{"0":{"start":{"line":8,"column":82},"end":{"line":13,"column":1}},"1":{"start":{"line":28,"column":2},"end":{"line":58,"column":4}},"2":{"start":{"line":31,"column":25},"end":{"line":31,"column":46}},"3":{"start":{"line":32,"column":22},"end":{"line":32,"column":40}},"4":{"start":{"line":33,"column":38},"end":{"line":37,"column":29}},"5":{"start":{"line":38,"column":8},"end":{"line":55,"column":10}},"6":{"start":{"line":42,"column":27},"end":{"line":42,"column":46}},"7":{"start":{"line":61,"column":15},"end":{"line":96,"column":2}}},"fnMap":{"0":{"name":"NavigationBar","decl":{"start":{"line":27,"column":16},"end":{"line":27,"column":29}},"loc":{"start":{"line":27,"column":83},"end":{"line":59,"column":1}},"line":27},"1":{"name":"(anonymous_1)","decl":{"start":{"line":30,"column":16},"end":{"line":30,"column":17}},"loc":{"start":{"line":30,"column":25},"end":{"line":56,"column":7}},"line":30},"2":{"name":"(anonymous_2)","decl":{"start":{"line":42,"column":21},"end":{"line":42,"column":22}},"loc":{"start":{"line":42,"column":27},"end":{"line":42,"column":46}},"line":42}},"branchMap":{"0":{"loc":{"start":{"line":33,"column":38},"end":{"line":37,"column":29}},"type":"cond-expr","locations":[{"start":{"line":34,"column":12},"end":{"line":36,"column":28}},{"start":{"line":37,"column":12},"end":{"line":37,"column":29}}],"line":33},"1":{"loc":{"start":{"line":34,"column":12},"end":{"line":36,"column":28}},"type":"cond-expr","locations":[{"start":{"line":35,"column":14},"end":{"line":35,"column":26}},{"start":{"line":36,"column":14},"end":{"line":36,"column":28}}],"line":34},"2":{"loc":{"start":{"line":45,"column":13},"end":{"line":45,"column":58}},"type":"binary-expr","locations":[{"start":{"line":45,"column":13},"end":{"line":45,"column":21}},{"start":{"line":45,"column":25},"end":{"line":45,"column":58}}],"line":45},"3":{"loc":{"start":{"line":49,"column":21},"end":{"line":49,"column":87}},"type":"cond-expr","locations":[{"start":{"line":49,"column":32},"end":{"line":49,"column":57}},{"start":{"line":49,"column":60},"end":{"line":49,"column":87}}],"line":49},"4":{"loc":{"start":{"line":51,"column":40},"end":{"line":51,"column":70}},"type":"binary-expr","locations":[{"start":{"line":51,"column":40},"end":{"line":51,"column":48}},{"start":{"line":51,"column":52},"end":{"line":51,"column":70}}],"line":51}},"s":{"0":0,"1":0,"2":0,"3":0,"4":0,"5":0,"6":0,"7":0},"f":{"0":0,"1":0,"2":0},"b":{"0":[0,0],"1":[0,0],"2":[0,0],"3":[0,0],"4":[0,0]}}
,"/home/runner/work/winti-guide-app/winti-guide-app/src/components/PartnerAdBanner.tsx": {"path":"/home/runner/work/winti-guide-app/winti-guide-app/src/components/PartnerAdBanner.tsx","statementMap":{"0":{"start":{"line":12,"column":2},"end":{"line":15,"column":14}},"1":{"start":{"line":14,"column":4},"end":{"line":14,"column":50}},"2":{"start":{"line":17,"column":22},"end":{"line":22,"column":3}},"3":{"start":{"line":18,"column":4},"end":{"line":21,"column":5}},"4":{"start":{"line":19,"column":18},"end":{"line":19,"column":86}},"5":{"start":{"line":20,"column":6},"end":{"line":20,"column":48}},"6":{"start":{"line":24,"column":2},"end":{"line":45,"column":4}},"7":{"start":{"line":48,"column":15},"end":{"line":104,"column":2}}},"fnMap":{"0":{"name":"PartnerAdBanner","decl":{"start":{"line":11,"column":16},"end":{"line":11,"column":31}},"loc":{"start":{"line":11,"column":62},"end":{"line":46,"column":1}},"line":11},"1":{"name":"(anonymous_1)","decl":{"start":{"line":12,"column":12},"end":{"line":12,"column":13}},"loc":{"start":{"line":12,"column":18},"end":{"line":15,"column":3}},"line":12},"2":{"name":"(anonymous_2)","decl":{"start":{"line":17,"column":22},"end":{"line":17,"column":23}},"loc":{"start":{"line":17,"column":28},"end":{"line":22,"column":3}},"line":17}},"branchMap":{"0":{"loc":{"start":{"line":18,"column":4},"end":{"line":21,"column":5}},"type":"if","locations":[{"start":{"line":18,"column":4},"end":{"line":21,"column":5}},{"start":{},"end":{}}],"line":18},"1":{"loc":{"start":{"line":19,"column":18},"end":{"line":19,"column":86}},"type":"cond-expr","locations":[{"start":{"line":19,"column":50},"end":{"line":19,"column":60}},{"start":{"line":19,"column":63},"end":{"line":19,"column":86}}],"line":19},"2":{"loc":{"start":{"line":25,"column":34},"end":{"line":25,"column":86}},"type":"binary-expr","locations":[{"start":{"line":25,"column":34},"end":{"line":25,"column":60}},{"start":{"line":25,"column":64},"end":{"line":25,"column":86}}],"line":25},"3":{"loc":{"start":{"line":34,"column":11},"end":{"line":38,"column":18}},"type":"cond-expr","locations":[{"start":{"line":35,"column":12},"end":{"line":37,"column":19}},{"start":{"line":38,"column":14},"end":{"line":38,"column":18}}],"line":34},"4":{"loc":{"start":{"line":41,"column":40},"end":{"line":41,"column":71}},"type":"binary-expr","locations":[{"start":{"line":41,"column":40},"end":{"line":41,"column":52}},{"start":{"line":41,"column":56},"end":{"line":41,"column":71}}],"line":41}},"s":{"0":0,"1":0,"2":0,"3":0,"4":0,"5":0,"6":0,"7":0},"f":{"0":0,"1":0,"2":0},"b":{"0":[0,0],"1":[0,0],"2":[0,0],"3":[0,0],"4":[0,0]}}
,"/home/runner/work/winti-guide-app/winti-guide-app/src/components/PremiumGate.tsx": {"path":"/home/runner/work/winti-guide-app/winti-guide-app/src/components/PremiumGate.tsx","statementMap":{"0":{"start":{"line":19,"column":33},"end":{"line":19,"column":45}},"1":{"start":{"line":21,"column":2},"end":{"line":21,"column":27}},"2":{"start":{"line":21,"column":15},"end":{"line":21,"column":27}},"3":{"start":{"line":23,"column":2},"end":{"line":25,"column":3}},"4":{"start":{"line":24,"column":4},"end":{"line":24,"column":27}},"5":{"start":{"line":27,"column":2},"end":{"line":37,"column":4}},"6":{"start":{"line":40,"column":15},"end":{"line":83,"column":2}}},"fnMap":{"0":{"name":"PremiumGate","decl":{"start":{"line":18,"column":16},"end":{"line":18,"column":27}},"loc":{"start":{"line":18,"column":79},"end":{"line":38,"column":1}},"line":18}},"branchMap":{"0":{"loc":{"start":{"line":21,"column":2},"end":{"line":21,"column":27}},"type":"if","locations":[{"start":{"line":21,"column":2},"end":{"line":21,"column":27}},{"start":{},"end":{}}],"line":21},"1":{"loc":{"start":{"line":23,"column":2},"end":{"line":25,"column":3}},"type":"if","locations":[{"start":{"line":23,"column":2},"end":{"line":25,"column":3}},{"start":{},"end":{}}],"line":23},"2":{"loc":{"start":{"line":31,"column":7},"end":{"line":31,"column":66}},"type":"cond-expr","locations":[{"start":{"line":31,"column":16},"end":{"line":31,"column":59}},{"start":{"line":31,"column":62},"end":{"line":31,"column":66}}],"line":31}},"s":{"0":0,"1":0,"2":0,"3":0,"4":0,"5":0,"6":0},"f":{"0":0},"b":{"0":[0,0],"1":[0,0],"2":[0,0]}}
,"/home/runner/work/winti-guide-app/winti-guide-app/src/components/SearchBar.tsx": {"path":"/home/runner/work/winti-guide-app/winti-guide-app/src/components/SearchBar.tsx","statementMap":{"0":{"start":{"line":13,"column":2},"end":{"line":38,"column":4}},"1":{"start":{"line":33,"column":62},"end":{"line":33,"column":78}},"2":{"start":{"line":41,"column":15},"end":{"line":65,"column":2}}},"fnMap":{"0":{"name":"SearchBar","decl":{"start":{"line":12,"column":16},"end":{"line":12,"column":25}},"loc":{"start":{"line":12,"column":80},"end":{"line":39,"column":1}},"line":12},"1":{"name":"(anonymous_1)","decl":{"start":{"line":33,"column":56},"end":{"line":33,"column":57}},"loc":{"start":{"line":33,"column":62},"end":{"line":33,"column":78}},"line":33}},"branchMap":{"0":{"loc":{"start":{"line":25,"column":21},"end":{"line":25,"column":47}},"type":"binary-expr","locations":[{"start":{"line":25,"column":21},"end":{"line":25,"column":32}},{"start":{"line":25,"column":36},"end":{"line":25,"column":47}}],"line":25},"1":{"loc":{"start":{"line":32,"column":7},"end":{"line":36,"column":7}},"type":"binary-expr","locations":[{"start":{"line":32,"column":7},"end":{"line":32,"column":23}},{"start":{"line":33,"column":8},"end":{"line":35,"column":27}}],"line":32}},"s":{"0":8,"1":1,"2":1},"f":{"0":8,"1":1},"b":{"0":[8,7],"1":[8,3]},"_coverageSchema":"1a1c01bbd47fc00a2c39e90264f33305004495a9","hash":"3872d3297614566f84ba71222137b74435bbe3ec"}
,"/home/runner/work/winti-guide-app/winti-guide-app/src/components/SectionHeader.tsx": {"path":"/home/runner/work/winti-guide-app/winti-guide-app/src/components/SectionHeader.tsx","statementMap":{"0":{"start":{"line":16,"column":2},"end":{"line":25,"column":4}},"1":{"start":{"line":28,"column":15},"end":{"line":47,"column":2}}},"fnMap":{"0":{"name":"SectionHeader","decl":{"start":{"line":11,"column":16},"end":{"line":11,"column":29}},"loc":{"start":{"line":15,"column":23},"end":{"line":26,"column":1}},"line":15}},"branchMap":{"0":{"loc":{"start":{"line":14,"column":2},"end":{"line":14,"column":32}},"type":"default-arg","locations":[{"start":{"line":14,"column":17},"end":{"line":14,"column":32}}],"line":14},"1":{"loc":{"start":{"line":19,"column":7},"end":{"line":23,"column":7}},"type":"binary-expr","locations":[{"start":{"line":19,"column":7},"end":{"line":19,"column":16}},{"start":{"line":20,"column":8},"end":{"line":22,"column":27}}],"line":19}},"s":{"0":0,"1":0},"f":{"0":0},"b":{"0":[0],"1":[0,0]}}
,"/home/runner/work/winti-guide-app/winti-guide-app/src/components/SubCategoryFilter.tsx": {"path":"/home/runner/work/winti-guide-app/winti-guide-app/src/components/SubCategoryFilter.tsx","statementMap":{"0":{"start":{"line":20,"column":24},"end":{"line":20,"column":54}},"1":{"start":{"line":22,"column":2},"end":{"line":22,"column":46}},"2":{"start":{"line":22,"column":34},"end":{"line":22,"column":46}},"3":{"start":{"line":24,"column":2},"end":{"line":57,"column":4}},"4":{"start":{"line":33,"column":23},"end":{"line":33,"column":38}},"5":{"start":{"line":42,"column":25},"end":{"line":42,"column":41}},"6":{"start":{"line":43,"column":8},"end":{"line":54,"column":10}},"7":{"start":{"line":47,"column":27},"end":{"line":47,"column":40}},"8":{"start":{"line":60,"column":15},"end":{"line":91,"column":2}}},"fnMap":{"0":{"name":"SubCategoryFilter","decl":{"start":{"line":19,"column":16},"end":{"line":19,"column":33}},"loc":{"start":{"line":19,"column":92},"end":{"line":58,"column":1}},"line":19},"1":{"name":"(anonymous_1)","decl":{"start":{"line":33,"column":17},"end":{"line":33,"column":18}},"loc":{"start":{"line":33,"column":23},"end":{"line":33,"column":38}},"line":33},"2":{"name":"(anonymous_2)","decl":{"start":{"line":41,"column":25},"end":{"line":41,"column":26}},"loc":{"start":{"line":41,"column":34},"end":{"line":55,"column":7}},"line":41},"3":{"name":"(anonymous_3)","decl":{"start":{"line":47,"column":21},"end":{"line":47,"column":22}},"loc":{"start":{"line":47,"column":27},"end":{"line":47,"column":40}},"line":47}},"branchMap":{"0":{"loc":{"start":{"line":20,"column":24},"end":{"line":20,"column":54}},"type":"binary-expr","locations":[{"start":{"line":20,"column":24},"end":{"line":20,"column":48}},{"start":{"line":20,"column":52},"end":{"line":20,"column":54}}],"line":20},"1":{"loc":{"start":{"line":22,"column":2},"end":{"line":22,"column":46}},"type":"if","locations":[{"start":{"line":22,"column":2},"end":{"line":22,"column":46}},{"start":{},"end":{}}],"line":22},"2":{"loc":{"start":{"line":32,"column":29},"end":{"line":32,"column":68}},"type":"binary-expr","locations":[{"start":{"line":32,"column":29},"end":{"line":32,"column":47}},{"start":{"line":32,"column":51},"end":{"line":32,"column":68}}],"line":32},"3":{"loc":{"start":{"line":36,"column":36},"end":{"line":36,"column":76}},"type":"binary-expr","locations":[{"start":{"line":36,"column":36},"end":{"line":36,"column":54}},{"start":{"line":36,"column":58},"end":{"line":36,"column":76}}],"line":36},"4":{"loc":{"start":{"line":46,"column":33},"end":{"line":46,"column":62}},"type":"binary-expr","locations":[{"start":{"line":46,"column":33},"end":{"line":46,"column":41}},{"start":{"line":46,"column":45},"end":{"line":46,"column":62}}],"line":46},"5":{"loc":{"start":{"line":50,"column":40},"end":{"line":50,"column":70}},"type":"binary-expr","locations":[{"start":{"line":50,"column":40},"end":{"line":50,"column":48}},{"start":{"line":50,"column":52},"end":{"line":50,"column":70}}],"line":50}},"s":{"0":0,"1":0,"2":0,"3":0,"4":0,"5":0,"6":0,"7":0,"8":0},"f":{"0":0,"1":0,"2":0,"3":0},"b":{"0":[0,0],"1":[0,0],"2":[0,0],"3":[0,0],"4":[0,0],"5":[0,0]}}
,"/home/runner/work/winti-guide-app/winti-guide-app/src/config/subcategories.ts": {"path":"/home/runner/work/winti-guide-app/winti-guide-app/src/config/subcategories.ts","statementMap":{"0":{"start":{"line":7,"column":65},"end":{"line":26,"column":1}},"1":{"start":{"line":32,"column":62},"end":{"line":91,"column":1}}},"fnMap":{},"branchMap":{},"s":{"0":0,"1":0},"f":{},"b":{}}
,"/home/runner/work/winti-guide-app/winti-guide-app/src/config/supabase.ts": {"path":"/home/runner/work/winti-guide-app/winti-guide-app/src/config/supabase.ts","statementMap":{"0":{"start":{"line":8,"column":2},"end":{"line":8,"column":84}},"1":{"start":{"line":10,"column":2},"end":{"line":11,"column":212}},"2":{"start":{"line":13,"column":24},"end":{"line":21,"column":2}}},"fnMap":{},"branchMap":{"0":{"loc":{"start":{"line":8,"column":2},"end":{"line":8,"column":84}},"type":"binary-expr","locations":[{"start":{"line":8,"column":2},"end":{"line":8,"column":38}},{"start":{"line":8,"column":42},"end":{"line":8,"column":84}}],"line":8},"1":{"loc":{"start":{"line":10,"column":2},"end":{"line":11,"column":212}},"type":"binary-expr","locations":[{"start":{"line":10,"column":2},"end":{"line":10,"column":43}},{"start":{"line":11,"column":2},"end":{"line":11,"column":212}}],"line":10}},"s":{"0":2,"1":2,"2":2},"f":{},"b":{"0":[2,2],"1":[2,2]},"_coverageSchema":"1a1c01bbd47fc00a2c39e90264f33305004495a9","hash":"70233ad637896d8a4094168461c4ad5b0052fe04"}
,"/home/runner/work/winti-guide-app/winti-guide-app/src/context/AuthContext.tsx": {"path":"/home/runner/work/winti-guide-app/winti-guide-app/src/context/AuthContext.tsx","statementMap":{"0":{"start":{"line":14,"column":20},"end":{"line":21,"column":2}},"1":{"start":{"line":18,"column":22},"end":{"line":18,"column":26}},"2":{"start":{"line":19,"column":22},"end":{"line":19,"column":26}},"3":{"start":{"line":24,"column":26},"end":{"line":24,"column":53}},"4":{"start":{"line":25,"column":32},"end":{"line":25,"column":62}},"5":{"start":{"line":26,"column":32},"end":{"line":26,"column":46}},"6":{"start":{"line":28,"column":2},"end":{"line":50,"column":9}},"7":{"start":{"line":30,"column":4},"end":{"line":34,"column":7}},"8":{"start":{"line":31,"column":6},"end":{"line":31,"column":31}},"9":{"start":{"line":32,"column":6},"end":{"line":32,"column":42}},"10":{"start":{"line":33,"column":6},"end":{"line":33,"column":24}},"11":{"start":{"line":37,"column":31},"end":{"line":45,"column":6}},"12":{"start":{"line":38,"column":6},"end":{"line":38,"column":29}},"13":{"start":{"line":39,"column":6},"end":{"line":39,"column":40}},"14":{"start":{"line":42,"column":6},"end":{"line":44,"column":7}},"15":{"start":{"line":43,"column":8},"end":{"line":43,"column":63}},"16":{"start":{"line":47,"column":4},"end":{"line":49,"column":6}},"17":{"start":{"line":48,"column":6},"end":{"line":48,"column":42}},"18":{"start":{"line":52,"column":17},"end":{"line":55,"column":8}},"19":{"start":{"line":53,"column":22},"end":{"line":53,"column":81}},"20":{"start":{"line":54,"column":4},"end":{"line":54,"column":17}},"21":{"start":{"line":57,"column":17},"end":{"line":60,"column":8}},"22":{"start":{"line":58,"column":22},"end":{"line":58,"column":69}},"23":{"start":{"line":59,"column":4},"end":{"line":59,"column":17}},"24":{"start":{"line":62,"column":18},"end":{"line":64,"column":8}},"25":{"start":{"line":63,"column":4},"end":{"line":63,"column":34}},"26":{"start":{"line":66,"column":2},"end":{"line":70,"column":4}},"27":{"start":{"line":74,"column":2},"end":{"line":74,"column":33}},"28":{"start":{"line":79,"column":20},"end":{"line":82,"column":3}},"29":{"start":{"line":83,"column":2},"end":{"line":85,"column":3}},"30":{"start":{"line":84,"column":4},"end":{"line":84,"column":57}}},"fnMap":{"0":{"name":"(anonymous_0)","decl":{"start":{"line":18,"column":10},"end":{"line":18,"column":11}},"loc":{"start":{"line":18,"column":22},"end":{"line":18,"column":26}},"line":18},"1":{"name":"(anonymous_1)","decl":{"start":{"line":19,"column":10},"end":{"line":19,"column":11}},"loc":{"start":{"line":19,"column":22},"end":{"line":19,"column":26}},"line":19},"2":{"name":"(anonymous_2)","decl":{"start":{"line":20,"column":11},"end":{"line":20,"column":12}},"loc":{"start":{"line":20,"column":23},"end":{"line":20,"column":25}},"line":20},"3":{"name":"AuthProvider","decl":{"start":{"line":23,"column":16},"end":{"line":23,"column":28}},"loc":{"start":{"line":23,"column":74},"end":{"line":71,"column":1}},"line":23},"4":{"name":"(anonymous_4)","decl":{"start":{"line":28,"column":12},"end":{"line":28,"column":13}},"loc":{"start":{"line":28,"column":18},"end":{"line":50,"column":3}},"line":28},"5":{"name":"(anonymous_5)","decl":{"start":{"line":30,"column":36},"end":{"line":30,"column":37}},"loc":{"start":{"line":30,"column":50},"end":{"line":34,"column":5}},"line":30},"6":{"name":"(anonymous_6)","decl":{"start":{"line":37,"column":63},"end":{"line":37,"column":64}},"loc":{"start":{"line":37,"column":87},"end":{"line":45,"column":5}},"line":37},"7":{"name":"(anonymous_7)","decl":{"start":{"line":47,"column":11},"end":{"line":47,"column":12}},"loc":{"start":{"line":47,"column":17},"end":{"line":49,"column":5}},"line":47},"8":{"name":"(anonymous_8)","decl":{"start":{"line":52,"column":29},"end":{"line":52,"column":30}},"loc":{"start":{"line":52,"column":99},"end":{"line":55,"column":3}},"line":52},"9":{"name":"(anonymous_9)","decl":{"start":{"line":57,"column":29},"end":{"line":57,"column":30}},"loc":{"start":{"line":57,"column":99},"end":{"line":60,"column":3}},"line":57},"10":{"name":"(anonymous_10)","decl":{"start":{"line":62,"column":30},"end":{"line":62,"column":31}},"loc":{"start":{"line":62,"column":42},"end":{"line":64,"column":3}},"line":62},"11":{"name":"useAuth","decl":{"start":{"line":73,"column":16},"end":{"line":73,"column":23}},"loc":{"start":{"line":73,"column":26},"end":{"line":75,"column":1}},"line":73},"12":{"name":"ensureAppUser","decl":{"start":{"line":78,"column":15},"end":{"line":78,"column":28}},"loc":{"start":{"line":78,"column":60},"end":{"line":86,"column":1}},"line":78}},"branchMap":{"0":{"loc":{"start":{"line":32,"column":14},"end":{"line":32,"column":40}},"type":"binary-expr","locations":[{"start":{"line":32,"column":14},"end":{"line":32,"column":32}},{"start":{"line":32,"column":36},"end":{"line":32,"column":40}}],"line":32},"1":{"loc":{"start":{"line":39,"column":14},"end":{"line":39,"column":38}},"type":"binary-expr","locations":[{"start":{"line":39,"column":14},"end":{"line":39,"column":30}},{"start":{"line":39,"column":34},"end":{"line":39,"column":38}}],"line":39},"2":{"loc":{"start":{"line":42,"column":6},"end":{"line":44,"column":7}},"type":"if","locations":[{"start":{"line":42,"column":6},"end":{"line":44,"column":7}},{"start":{},"end":{}}],"line":42},"3":{"loc":{"start":{"line":83,"column":2},"end":{"line":85,"column":3}},"type":"if","locations":[{"start":{"line":83,"column":2},"end":{"line":85,"column":3}},{"start":{},"end":{}}],"line":83}},"s":{"0":0,"1":0,"2":0,"3":0,"4":0,"5":0,"6":0,"7":0,"8":0,"9":0,"10":0,"11":0,"12":0,"13":0,"14":0,"15":0,"16":0,"17":0,"18":0,"19":0,"20":0,"21":0,"22":0,"23":0,"24":0,"25":0,"26":0,"27":0,"28":0,"29":0,"30":0},"f":{"0":0,"1":0,"2":0,"3":0,"4":0,"5":0,"6":0,"7":0,"8":0,"9":0,"10":0,"11":0,"12":0},"b":{"0":[0,0],"1":[0,0],"2":[0,0],"3":[0,0]}}
,"/home/runner/work/winti-guide-app/winti-guide-app/src/hooks/useAppTier.ts": {"path":"/home/runner/work/winti-guide-app/winti-guide-app/src/hooks/useAppTier.ts","statementMap":{"0":{"start":{"line":14,"column":19},"end":{"line":14,"column":28}},"1":{"start":{"line":15,"column":26},"end":{"line":15,"column":51}},"2":{"start":{"line":16,"column":32},"end":{"line":16,"column":46}},"3":{"start":{"line":18,"column":20},"end":{"line":53,"column":12}},"4":{"start":{"line":19,"column":4},"end":{"line":23,"column":5}},"5":{"start":{"line":20,"column":6},"end":{"line":20,"column":22}},"6":{"start":{"line":21,"column":6},"end":{"line":21,"column":24}},"7":{"start":{"line":22,"column":6},"end":{"line":22,"column":13}},"8":{"start":{"line":25,"column":4},"end":{"line":25,"column":21}},"9":{"start":{"line":26,"column":4},"end":{"line":52,"column":5}},"10":{"start":{"line":27,"column":30},"end":{"line":31,"column":22}},"11":{"start":{"line":33,"column":6},"end":{"line":33,"column":29}},"12":{"start":{"line":33,"column":17},"end":{"line":33,"column":29}},"13":{"start":{"line":35,"column":6},"end":{"line":38,"column":7}},"14":{"start":{"line":36,"column":8},"end":{"line":36,"column":24}},"15":{"start":{"line":37,"column":8},"end":{"line":37,"column":15}},"16":{"start":{"line":41,"column":6},"end":{"line":46,"column":7}},"17":{"start":{"line":42,"column":24},"end":{"line":42,"column":62}},"18":{"start":{"line":43,"column":8},"end":{"line":43,"column":46}},"19":{"start":{"line":45,"column":8},"end":{"line":45,"column":50}},"20":{"start":{"line":48,"column":6},"end":{"line":48,"column":46}},"21":{"start":{"line":49,"column":6},"end":{"line":49,"column":22}},"22":{"start":{"line":51,"column":6},"end":{"line":51,"column":24}},"23":{"start":{"line":55,"column":2},"end":{"line":57,"column":18}},"24":{"start":{"line":56,"column":4},"end":{"line":56,"column":16}},"25":{"start":{"line":59,"column":2},"end":{"line":64,"column":4}}},"fnMap":{"0":{"name":"useAppTier","decl":{"start":{"line":13,"column":16},"end":{"line":13,"column":26}},"loc":{"start":{"line":13,"column":47},"end":{"line":65,"column":1}},"line":13},"1":{"name":"(anonymous_1)","decl":{"start":{"line":18,"column":32},"end":{"line":18,"column":33}},"loc":{"start":{"line":18,"column":44},"end":{"line":53,"column":3}},"line":18},"2":{"name":"(anonymous_2)","decl":{"start":{"line":55,"column":12},"end":{"line":55,"column":13}},"loc":{"start":{"line":55,"column":18},"end":{"line":57,"column":3}},"line":55}},"branchMap":{"0":{"loc":{"start":{"line":19,"column":4},"end":{"line":23,"column":5}},"type":"if","locations":[{"start":{"line":19,"column":4},"end":{"line":23,"column":5}},{"start":{},"end":{}}],"line":19},"1":{"loc":{"start":{"line":33,"column":6},"end":{"line":33,"column":29}},"type":"if","locations":[{"start":{"line":33,"column":6},"end":{"line":33,"column":29}},{"start":{},"end":{}}],"line":33},"2":{"loc":{"start":{"line":35,"column":6},"end":{"line":38,"column":7}},"type":"if","locations":[{"start":{"line":35,"column":6},"end":{"line":38,"column":7}},{"start":{},"end":{}}],"line":35},"3":{"loc":{"start":{"line":41,"column":6},"end":{"line":46,"column":7}},"type":"if","locations":[{"start":{"line":41,"column":6},"end":{"line":46,"column":7}},{"start":{"line":44,"column":13},"end":{"line":46,"column":7}}],"line":41},"4":{"loc":{"start":{"line":41,"column":10},"end":{"line":41,"column":52}},"type":"binary-expr","locations":[{"start":{"line":41,"column":10},"end":{"line":41,"column":33}},{"start":{"line":41,"column":37},"end":{"line":41,"column":52}}],"line":41},"5":{"loc":{"start":{"line":43,"column":16},"end":{"line":43,"column":44}},"type":"cond-expr","locations":[{"start":{"line":43,"column":26},"end":{"line":43,"column":32}},{"start":{"line":43,"column":35},"end":{"line":43,"column":44}}],"line":43},"6":{"loc":{"start":{"line":45,"column":16},"end":{"line":45,"column":48}},"type":"binary-expr","locations":[{"start":{"line":45,"column":17},"end":{"line":45,"column":37}},{"start":{"line":45,"column":42},"end":{"line":45,"column":48}}],"line":45}},"s":{"0":18,"1":18,"2":18,"3":18,"4":9,"5":2,"6":2,"7":2,"8":7,"9":7,"10":7,"11":7,"12":1,"13":6,"14":1,"15":1,"16":5,"17":3,"18":3,"19":2,"20":1,"21":1,"22":7,"23":18,"24":9,"25":18},"f":{"0":18,"1":9,"2":9},"b":{"0":[2,7],"1":[1,6],"2":[1,5],"3":[3,2],"4":[5,4],"5":[1,2],"6":[2,0]},"_coverageSchema":"1a1c01bbd47fc00a2c39e90264f33305004495a9","hash":"6efca7067c1ee2f4df7c36601c5f3e34f9a9eaba"}
,"/home/runner/work/winti-guide-app/winti-guide-app/src/hooks/useEvents.ts": {"path":"/home/runner/work/winti-guide-app/winti-guide-app/src/hooks/useEvents.ts","statementMap":{"0":{"start":{"line":18,"column":30},"end":{"line":18,"column":51}},"1":{"start":{"line":19,"column":32},"end":{"line":19,"column":46}},"2":{"start":{"line":20,"column":28},"end":{"line":20,"column":57}},"3":{"start":{"line":22,"column":15},"end":{"line":33,"column":38}},"4":{"start":{"line":23,"column":4},"end":{"line":23,"column":21}},"5":{"start":{"line":24,"column":4},"end":{"line":24,"column":19}},"6":{"start":{"line":25,"column":4},"end":{"line":32,"column":5}},"7":{"start":{"line":26,"column":19},"end":{"line":26,"column":45}},"8":{"start":{"line":27,"column":6},"end":{"line":27,"column":22}},"9":{"start":{"line":29,"column":6},"end":{"line":29,"column":84}},"10":{"start":{"line":31,"column":6},"end":{"line":31,"column":24}},"11":{"start":{"line":35,"column":2},"end":{"line":37,"column":13}},"12":{"start":{"line":36,"column":4},"end":{"line":36,"column":11}},"13":{"start":{"line":39,"column":2},"end":{"line":39,"column":51}}},"fnMap":{"0":{"name":"useEvents","decl":{"start":{"line":17,"column":16},"end":{"line":17,"column":25}},"loc":{"start":{"line":17,"column":75},"end":{"line":40,"column":1}},"line":17},"1":{"name":"(anonymous_1)","decl":{"start":{"line":22,"column":27},"end":{"line":22,"column":28}},"loc":{"start":{"line":22,"column":39},"end":{"line":33,"column":3}},"line":22},"2":{"name":"(anonymous_2)","decl":{"start":{"line":35,"column":12},"end":{"line":35,"column":13}},"loc":{"start":{"line":35,"column":18},"end":{"line":37,"column":3}},"line":35}},"branchMap":{"0":{"loc":{"start":{"line":17,"column":26},"end":{"line":17,"column":56}},"type":"default-arg","locations":[{"start":{"line":17,"column":54},"end":{"line":17,"column":56}}],"line":17},"1":{"loc":{"start":{"line":29,"column":15},"end":{"line":29,"column":82}},"type":"cond-expr","locations":[{"start":{"line":29,"column":38},"end":{"line":29,"column":49}},{"start":{"line":29,"column":52},"end":{"line":29,"column":82}}],"line":29}},"s":{"0":22,"1":22,"2":22,"3":22,"4":11,"5":11,"6":11,"7":11,"8":8,"9":3,"10":11,"11":22,"12":9,"13":22},"f":{"0":22,"1":11,"2":9},"b":{"0":[18],"1":[2,1]},"_coverageSchema":"1a1c01bbd47fc00a2c39e90264f33305004495a9","hash":"d18d83b5ea52777cfae19860cf49703f6545b7f8"}
,"/home/runner/work/winti-guide-app/winti-guide-app/src/hooks/useListings.ts": {"path":"/home/runner/work/winti-guide-app/winti-guide-app/src/hooks/useListings.ts","statementMap":{"0":{"start":{"line":18,"column":34},"end":{"line":18,"column":57}},"1":{"start":{"line":19,"column":32},"end":{"line":19,"column":46}},"2":{"start":{"line":20,"column":28},"end":{"line":20,"column":57}},"3":{"start":{"line":22,"column":15},"end":{"line":33,"column":40}},"4":{"start":{"line":23,"column":4},"end":{"line":23,"column":21}},"5":{"start":{"line":24,"column":4},"end":{"line":24,"column":19}},"6":{"start":{"line":25,"column":4},"end":{"line":32,"column":5}},"7":{"start":{"line":26,"column":19},"end":{"line":26,"column":47}},"8":{"start":{"line":27,"column":6},"end":{"line":27,"column":24}},"9":{"start":{"line":29,"column":6},"end":{"line":29,"column":86}},"10":{"start":{"line":31,"column":6},"end":{"line":31,"column":24}},"11":{"start":{"line":35,"column":2},"end":{"line":37,"column":13}},"12":{"start":{"line":36,"column":4},"end":{"line":36,"column":11}},"13":{"start":{"line":39,"column":2},"end":{"line":39,"column":53}}},"fnMap":{"0":{"name":"useListings","decl":{"start":{"line":17,"column":16},"end":{"line":17,"column":27}},"loc":{"start":{"line":17,"column":81},"end":{"line":40,"column":1}},"line":17},"1":{"name":"(anonymous_1)","decl":{"start":{"line":22,"column":27},"end":{"line":22,"column":28}},"loc":{"start":{"line":22,"column":39},"end":{"line":33,"column":3}},"line":22},"2":{"name":"(anonymous_2)","decl":{"start":{"line":35,"column":12},"end":{"line":35,"column":13}},"loc":{"start":{"line":35,"column":18},"end":{"line":37,"column":3}},"line":35}},"branchMap":{"0":{"loc":{"start":{"line":17,"column":28},"end":{"line":17,"column":60}},"type":"default-arg","locations":[{"start":{"line":17,"column":58},"end":{"line":17,"column":60}}],"line":17},"1":{"loc":{"start":{"line":29,"column":15},"end":{"line":29,"column":84}},"type":"cond-expr","locations":[{"start":{"line":29,"column":38},"end":{"line":29,"column":49}},{"start":{"line":29,"column":52},"end":{"line":29,"column":84}}],"line":29}},"s":{"0":22,"1":22,"2":22,"3":22,"4":11,"5":11,"6":11,"7":11,"8":8,"9":3,"10":11,"11":22,"12":9,"13":22},"f":{"0":22,"1":11,"2":9},"b":{"0":[18],"1":[2,1]},"_coverageSchema":"1a1c01bbd47fc00a2c39e90264f33305004495a9","hash":"87d90ace550d66d309f2cbb3adf9fb673b9090da"}
,"/home/runner/work/winti-guide-app/winti-guide-app/src/hooks/useTranslation.ts": {"path":"/home/runner/work/winti-guide-app/winti-guide-app/src/hooks/useTranslation.ts","statementMap":{"0":{"start":{"line":11,"column":56},"end":{"line":11,"column":74}},"1":{"start":{"line":21,"column":39},"end":{"line":21,"column":63}},"2":{"start":{"line":23,"column":22},"end":{"line":25,"column":8}},"3":{"start":{"line":24,"column":4},"end":{"line":24,"column":27}},"4":{"start":{"line":27,"column":12},"end":{"line":32,"column":3}},"5":{"start":{"line":29,"column":6},"end":{"line":29,"column":75}},"6":{"start":{"line":34,"column":2},"end":{"line":39,"column":4}}},"fnMap":{"0":{"name":"useTranslation","decl":{"start":{"line":20,"column":16},"end":{"line":20,"column":30}},"loc":{"start":{"line":20,"column":55},"end":{"line":40,"column":1}},"line":20},"1":{"name":"(anonymous_1)","decl":{"start":{"line":23,"column":34},"end":{"line":23,"column":35}},"loc":{"start":{"line":23,"column":54},"end":{"line":25,"column":3}},"line":23},"2":{"name":"(anonymous_2)","decl":{"start":{"line":28,"column":4},"end":{"line":28,"column":5}},"loc":{"start":{"line":28,"column":37},"end":{"line":30,"column":5}},"line":28}},"branchMap":{"0":{"loc":{"start":{"line":29,"column":13},"end":{"line":29,"column":74}},"type":"binary-expr","locations":[{"start":{"line":29,"column":13},"end":{"line":29,"column":40}},{"start":{"line":29,"column":44},"end":{"line":29,"column":67}},{"start":{"line":29,"column":71},"end":{"line":29,"column":74}}],"line":29}},"s":{"0":1,"1":19,"2":19,"3":7,"4":19,"5":41,"6":19},"f":{"0":19,"1":7,"2":41},"b":{"0":[41,1,1]},"_coverageSchema":"1a1c01bbd47fc00a2c39e90264f33305004495a9","hash":"95c4357e9e48942207a0b9f0d9080407e9415122"}
,"/home/runner/work/winti-guide-app/winti-guide-app/src/screens/AccountScreen.tsx": {"path":"/home/runner/work/winti-guide-app/winti-guide-app/src/screens/AccountScreen.tsx","statementMap":{"0":{"start":{"line":23,"column":2},"end":{"line":23,"column":96}},"1":{"start":{"line":25,"column":2},"end":{"line":25,"column":94}},"2":{"start":{"line":30,"column":66},"end":{"line":30,"column":75}},"3":{"start":{"line":31,"column":74},"end":{"line":31,"column":86}},"4":{"start":{"line":33,"column":26},"end":{"line":33,"column":53}},"5":{"start":{"line":34,"column":28},"end":{"line":34,"column":40}},"6":{"start":{"line":35,"column":34},"end":{"line":35,"column":46}},"7":{"start":{"line":36,"column":38},"end":{"line":36,"column":53}},"8":{"start":{"line":37,"column":28},"end":{"line":37,"column":57}},"9":{"start":{"line":38,"column":38},"end":{"line":38,"column":67}},"10":{"start":{"line":40,"column":23},"end":{"line":60,"column":3}},"11":{"start":{"line":41,"column":4},"end":{"line":44,"column":5}},"12":{"start":{"line":42,"column":6},"end":{"line":42,"column":54}},"13":{"start":{"line":43,"column":6},"end":{"line":43,"column":13}},"14":{"start":{"line":45,"column":4},"end":{"line":45,"column":24}},"15":{"start":{"line":46,"column":4},"end":{"line":46,"column":19}},"16":{"start":{"line":47,"column":4},"end":{"line":47,"column":24}},"17":{"start":{"line":49,"column":22},"end":{"line":51,"column":44}},"18":{"start":{"line":53,"column":4},"end":{"line":53,"column":25}},"19":{"start":{"line":55,"column":4},"end":{"line":59,"column":5}},"20":{"start":{"line":56,"column":6},"end":{"line":56,"column":54}},"21":{"start":{"line":57,"column":11},"end":{"line":59,"column":5}},"22":{"start":{"line":58,"column":6},"end":{"line":58,"column":93}},"23":{"start":{"line":62,"column":24},"end":{"line":67,"column":3}},"24":{"start":{"line":63,"column":16},"end":{"line":63,"column":86}},"25":{"start":{"line":64,"column":4},"end":{"line":66,"column":6}},"26":{"start":{"line":65,"column":6},"end":{"line":65,"column":73}},"27":{"start":{"line":69,"column":24},"end":{"line":74,"column":3}},"28":{"start":{"line":70,"column":4},"end":{"line":73,"column":7}},"29":{"start":{"line":76,"column":2},"end":{"line":84,"column":3}},"30":{"start":{"line":77,"column":4},"end":{"line":83,"column":6}},"31":{"start":{"line":87,"column":2},"end":{"line":188,"column":3}},"32":{"start":{"line":88,"column":4},"end":{"line":187,"column":6}},"33":{"start":{"line":120,"column":18},"end":{"line":123,"column":25}},"34":{"start":{"line":130,"column":33},"end":{"line":130,"column":57}},"35":{"start":{"line":139,"column":33},"end":{"line":139,"column":56}},"36":{"start":{"line":191,"column":2},"end":{"line":266,"column":4}},"37":{"start":{"line":203,"column":31},"end":{"line":203,"column":48}},"38":{"start":{"line":203,"column":49},"end":{"line":203,"column":64}},"39":{"start":{"line":203,"column":65},"end":{"line":203,"column":85}},"40":{"start":{"line":211,"column":31},"end":{"line":211,"column":51}},"41":{"start":{"line":211,"column":52},"end":{"line":211,"column":67}},"42":{"start":{"line":211,"column":68},"end":{"line":211,"column":88}},"43":{"start":{"line":269,"column":25},"end":{"line":274,"column":1}},"44":{"start":{"line":277,"column":2},"end":{"line":277,"column":87}},"45":{"start":{"line":277,"column":49},"end":{"line":277,"column":87}},"46":{"start":{"line":278,"column":2},"end":{"line":278,"column":89}},"47":{"start":{"line":278,"column":43},"end":{"line":278,"column":89}},"48":{"start":{"line":279,"column":2},"end":{"line":279,"column":89}},"49":{"start":{"line":279,"column":42},"end":{"line":279,"column":89}},"50":{"start":{"line":280,"column":2},"end":{"line":280,"column":106}},"51":{"start":{"line":280,"column":51},"end":{"line":280,"column":106}},"52":{"start":{"line":281,"column":2},"end":{"line":281,"column":13}},"53":{"start":{"line":284,"column":15},"end":{"line":600,"column":2}}},"fnMap":{"0":{"name":"AccountScreen","decl":{"start":{"line":29,"column":16},"end":{"line":29,"column":29}},"loc":{"start":{"line":29,"column":32},"end":{"line":267,"column":1}},"line":29},"1":{"name":"(anonymous_1)","decl":{"start":{"line":40,"column":23},"end":{"line":40,"column":24}},"loc":{"start":{"line":40,"column":35},"end":{"line":60,"column":3}},"line":40},"2":{"name":"(anonymous_2)","decl":{"start":{"line":62,"column":24},"end":{"line":62,"column":25}},"loc":{"start":{"line":62,"column":59},"end":{"line":67,"column":3}},"line":62},"3":{"name":"(anonymous_3)","decl":{"start":{"line":64,"column":31},"end":{"line":64,"column":32}},"loc":{"start":{"line":65,"column":6},"end":{"line":65,"column":73}},"line":65},"4":{"name":"(anonymous_4)","decl":{"start":{"line":69,"column":24},"end":{"line":69,"column":25}},"loc":{"start":{"line":69,"column":30},"end":{"line":74,"column":3}},"line":69},"5":{"name":"(anonymous_5)","decl":{"start":{"line":119,"column":38},"end":{"line":119,"column":39}},"loc":{"start":{"line":120,"column":18},"end":{"line":123,"column":25}},"line":120},"6":{"name":"(anonymous_6)","decl":{"start":{"line":130,"column":27},"end":{"line":130,"column":28}},"loc":{"start":{"line":130,"column":33},"end":{"line":130,"column":57}},"line":130},"7":{"name":"(anonymous_7)","decl":{"start":{"line":139,"column":27},"end":{"line":139,"column":28}},"loc":{"start":{"line":139,"column":33},"end":{"line":139,"column":56}},"line":139},"8":{"name":"(anonymous_8)","decl":{"start":{"line":203,"column":23},"end":{"line":203,"column":24}},"loc":{"start":{"line":203,"column":29},"end":{"line":203,"column":87}},"line":203},"9":{"name":"(anonymous_9)","decl":{"start":{"line":211,"column":23},"end":{"line":211,"column":24}},"loc":{"start":{"line":211,"column":29},"end":{"line":211,"column":90}},"line":211},"10":{"name":"translateAuthError","decl":{"start":{"line":276,"column":9},"end":{"line":276,"column":27}},"loc":{"start":{"line":276,"column":49},"end":{"line":282,"column":1}},"line":276}},"branchMap":{"0":{"loc":{"start":{"line":23,"column":2},"end":{"line":23,"column":96}},"type":"binary-expr","locations":[{"start":{"line":23,"column":2},"end":{"line":23,"column":52}},{"start":{"line":23,"column":56},"end":{"line":23,"column":96}}],"line":23},"1":{"loc":{"start":{"line":25,"column":2},"end":{"line":25,"column":94}},"type":"binary-expr","locations":[{"start":{"line":25,"column":2},"end":{"line":25,"column":51}},{"start":{"line":25,"column":55},"end":{"line":25,"column":94}}],"line":25},"2":{"loc":{"start":{"line":41,"column":4},"end":{"line":44,"column":5}},"type":"if","locations":[{"start":{"line":41,"column":4},"end":{"line":44,"column":5}},{"start":{},"end":{}}],"line":41},"3":{"loc":{"start":{"line":41,"column":8},"end":{"line":41,"column":41}},"type":"binary-expr","locations":[{"start":{"line":41,"column":8},"end":{"line":41,"column":21}},{"start":{"line":41,"column":25},"end":{"line":41,"column":41}}],"line":41},"4":{"loc":{"start":{"line":49,"column":22},"end":{"line":51,"column":44}},"type":"cond-expr","locations":[{"start":{"line":50,"column":8},"end":{"line":50,"column":44}},{"start":{"line":51,"column":8},"end":{"line":51,"column":44}}],"line":49},"5":{"loc":{"start":{"line":55,"column":4},"end":{"line":59,"column":5}},"type":"if","locations":[{"start":{"line":55,"column":4},"end":{"line":59,"column":5}},{"start":{"line":57,"column":11},"end":{"line":59,"column":5}}],"line":55},"6":{"loc":{"start":{"line":57,"column":11},"end":{"line":59,"column":5}},"type":"if","locations":[{"start":{"line":57,"column":11},"end":{"line":59,"column":5}},{"start":{},"end":{}}],"line":57},"7":{"loc":{"start":{"line":63,"column":16},"end":{"line":63,"column":86}},"type":"cond-expr","locations":[{"start":{"line":63,"column":40},"end":{"line":63,"column":62}},{"start":{"line":63,"column":65},"end":{"line":63,"column":86}}],"line":63},"8":{"loc":{"start":{"line":76,"column":2},"end":{"line":84,"column":3}},"type":"if","locations":[{"start":{"line":76,"column":2},"end":{"line":84,"column":3}},{"start":{},"end":{}}],"line":76},"9":{"loc":{"start":{"line":76,"column":6},"end":{"line":76,"column":32}},"type":"binary-expr","locations":[{"start":{"line":76,"column":6},"end":{"line":76,"column":17}},{"start":{"line":76,"column":21},"end":{"line":76,"column":32}}],"line":76},"10":{"loc":{"start":{"line":87,"column":2},"end":{"line":188,"column":3}},"type":"if","locations":[{"start":{"line":87,"column":2},"end":{"line":188,"column":3}},{"start":{},"end":{}}],"line":87},"11":{"loc":{"start":{"line":98,"column":47},"end":{"line":98,"column":84}},"type":"binary-expr","locations":[{"start":{"line":98,"column":47},"end":{"line":98,"column":77}},{"start":{"line":98,"column":81},"end":{"line":98,"column":84}}],"line":98},"12":{"loc":{"start":{"line":104,"column":19},"end":{"line":104,"column":54}},"type":"cond-expr","locations":[{"start":{"line":104,"column":31},"end":{"line":104,"column":42}},{"start":{"line":104,"column":45},"end":{"line":104,"column":54}}],"line":104},"13":{"loc":{"start":{"line":111,"column":11},"end":{"line":160,"column":11}},"type":"binary-expr","locations":[{"start":{"line":111,"column":11},"end":{"line":111,"column":21}},{"start":{"line":112,"column":12},"end":{"line":159,"column":19}}],"line":111},"14":{"loc":{"start":{"line":163,"column":11},"end":{"line":171,"column":11}},"type":"binary-expr","locations":[{"start":{"line":163,"column":11},"end":{"line":163,"column":20}},{"start":{"line":164,"column":12},"end":{"line":170,"column":19}}],"line":163},"15":{"loc":{"start":{"line":202,"column":38},"end":{"line":202,"column":78}},"type":"binary-expr","locations":[{"start":{"line":202,"column":38},"end":{"line":202,"column":54}},{"start":{"line":202,"column":58},"end":{"line":202,"column":78}}],"line":202},"16":{"loc":{"start":{"line":205,"column":48},"end":{"line":205,"column":92}},"type":"binary-expr","locations":[{"start":{"line":205,"column":48},"end":{"line":205,"column":64}},{"start":{"line":205,"column":68},"end":{"line":205,"column":92}}],"line":205},"17":{"loc":{"start":{"line":210,"column":38},"end":{"line":210,"column":81}},"type":"binary-expr","locations":[{"start":{"line":210,"column":38},"end":{"line":210,"column":57}},{"start":{"line":210,"column":61},"end":{"line":210,"column":81}}],"line":210},"18":{"loc":{"start":{"line":213,"column":48},"end":{"line":213,"column":95}},"type":"binary-expr","locations":[{"start":{"line":213,"column":48},"end":{"line":213,"column":67}},{"start":{"line":213,"column":71},"end":{"line":213,"column":95}}],"line":213},"19":{"loc":{"start":{"line":239,"column":11},"end":{"line":239,"column":71}},"type":"cond-expr","locations":[{"start":{"line":239,"column":19},"end":{"line":239,"column":64}},{"start":{"line":239,"column":67},"end":{"line":239,"column":71}}],"line":239},"20":{"loc":{"start":{"line":240,"column":11},"end":{"line":240,"column":83}},"type":"cond-expr","locations":[{"start":{"line":240,"column":24},"end":{"line":240,"column":76}},{"start":{"line":240,"column":79},"end":{"line":240,"column":83}}],"line":240},"21":{"loc":{"start":{"line":243,"column":38},"end":{"line":243,"column":76}},"type":"binary-expr","locations":[{"start":{"line":243,"column":38},"end":{"line":243,"column":48}},{"start":{"line":243,"column":52},"end":{"line":243,"column":76}}],"line":243},"22":{"loc":{"start":{"line":248,"column":13},"end":{"line":252,"column":23}},"type":"cond-expr","locations":[{"start":{"line":249,"column":16},"end":{"line":249,"column":79}},{"start":{"line":250,"column":16},"end":{"line":252,"column":23}}],"line":248},"23":{"loc":{"start":{"line":251,"column":19},"end":{"line":251,"column":68}},"type":"cond-expr","locations":[{"start":{"line":251,"column":38},"end":{"line":251,"column":48}},{"start":{"line":251,"column":51},"end":{"line":251,"column":68}}],"line":251},"24":{"loc":{"start":{"line":277,"column":2},"end":{"line":277,"column":87}},"type":"if","locations":[{"start":{"line":277,"column":2},"end":{"line":277,"column":87}},{"start":{},"end":{}}],"line":277},"25":{"loc":{"start":{"line":278,"column":2},"end":{"line":278,"column":89}},"type":"if","locations":[{"start":{"line":278,"column":2},"end":{"line":278,"column":89}},{"start":{},"end":{}}],"line":278},"26":{"loc":{"start":{"line":279,"column":2},"end":{"line":279,"column":89}},"type":"if","locations":[{"start":{"line":279,"column":2},"end":{"line":279,"column":89}},{"start":{},"end":{}}],"line":279},"27":{"loc":{"start":{"line":280,"column":2},"end":{"line":280,"column":106}},"type":"if","locations":[{"start":{"line":280,"column":2},"end":{"line":280,"column":106}},{"start":{},"end":{}}],"line":280}},"s":{"0":0,"1":0,"2":0,"3":0,"4":0,"5":0,"6":0,"7":0,"8":0,"9":0,"10":0,"11":0,"12":0,"13":0,"14":0,"15":0,"16":0,"17":0,"18":0,"19":0,"20":0,"21":0,"22":0,"23":0,"24":0,"25":0,"26":0,"27":0,"28":0,"29":0,"30":0,"31":0,"32":0,"33":0,"34":0,"35":0,"36":0,"37":0,"38":0,"39":0,"40":0,"41":0,"42":0,"43":0,"44":0,"45":0,"46":0,"47":0,"48":0,"49":0,"50":0,"51":0,"52":0,"53":0},"f":{"0":0,"1":0,"2":0,"3":0,"4":0,"5":0,"6":0,"7":0,"8":0,"9":0,"10":0},"b":{"0":[0,0],"1":[0,0],"2":[0,0],"3":[0,0],"4":[0,0],"5":[0,0],"6":[0,0],"7":[0,0],"8":[0,0],"9":[0,0],"10":[0,0],"11":[0,0],"12":[0,0],"13":[0,0],"14":[0,0],"15":[0,0],"16":[0,0],"17":[0,0],"18":[0,0],"19":[0,0],"20":[0,0],"21":[0,0],"22":[0,0],"23":[0,0],"24":[0,0],"25":[0,0],"26":[0,0],"27":[0,0]}}
,"/home/runner/work/winti-guide-app/winti-guide-app/src/screens/CalendarScreen.tsx": {"path":"/home/runner/work/winti-guide-app/winti-guide-app/src/screens/CalendarScreen.tsx","statementMap":{"0":{"start":{"line":21,"column":23},"end":{"line":21,"column":24}},"1":{"start":{"line":23,"column":93},"end":{"line":33,"column":1}},"2":{"start":{"line":36,"column":2},"end":{"line":36,"column":48}},"3":{"start":{"line":40,"column":12},"end":{"line":40,"column":43}},"4":{"start":{"line":41,"column":2},"end":{"line":41,"column":32}},"5":{"start":{"line":42,"column":2},"end":{"line":42,"column":39}},"6":{"start":{"line":46,"column":34},"end":{"line":46,"column":72}},"7":{"start":{"line":47,"column":24},"end":{"line":47,"column":36}},"8":{"start":{"line":49,"column":46},"end":{"line":52,"column":4}},"9":{"start":{"line":55,"column":24},"end":{"line":59,"column":25}},"10":{"start":{"line":56,"column":4},"end":{"line":56,"column":33}},"11":{"start":{"line":56,"column":19},"end":{"line":56,"column":33}},"12":{"start":{"line":57,"column":19},"end":{"line":57,"column":54}},"13":{"start":{"line":58,"column":4},"end":{"line":58,"column":56}},"14":{"start":{"line":58,"column":32},"end":{"line":58,"column":54}},"15":{"start":{"line":61,"column":26},"end":{"line":61,"column":76}},"16":{"start":{"line":63,"column":24},"end":{"line":76,"column":21}},"17":{"start":{"line":64,"column":69},"end":{"line":64,"column":71}},"18":{"start":{"line":65,"column":17},"end":{"line":65,"column":34}},"19":{"start":{"line":66,"column":4},"end":{"line":74,"column":5}},"20":{"start":{"line":67,"column":6},"end":{"line":73,"column":7}},"21":{"start":{"line":68,"column":8},"end":{"line":68,"column":35}},"22":{"start":{"line":69,"column":8},"end":{"line":69,"column":65}},"23":{"start":{"line":71,"column":21},"end":{"line":71,"column":46}},"24":{"start":{"line":72,"column":8},"end":{"line":72,"column":81}},"25":{"start":{"line":75,"column":4},"end":{"line":75,"column":18}},"26":{"start":{"line":78,"column":2},"end":{"line":180,"column":4}},"27":{"start":{"line":92,"column":27},"end":{"line":92,"column":47}},"28":{"start":{"line":93,"column":10},"end":{"line":109,"column":12}},"29":{"start":{"line":97,"column":29},"end":{"line":97,"column":49}},"30":{"start":{"line":140,"column":34},"end":{"line":140,"column":43}},"31":{"start":{"line":142,"column":12},"end":{"line":151,"column":19}},"32":{"start":{"line":149,"column":16},"end":{"line":149,"column":58}},"33":{"start":{"line":184,"column":2},"end":{"line":193,"column":3}},"34":{"start":{"line":185,"column":17},"end":{"line":185,"column":48}},"35":{"start":{"line":186,"column":4},"end":{"line":190,"column":7}},"36":{"start":{"line":192,"column":4},"end":{"line":192,"column":19}},"37":{"start":{"line":196,"column":15},"end":{"line":338,"column":2}}},"fnMap":{"0":{"name":"getToday","decl":{"start":{"line":35,"column":9},"end":{"line":35,"column":17}},"loc":{"start":{"line":35,"column":28},"end":{"line":37,"column":1}},"line":35},"1":{"name":"addDays","decl":{"start":{"line":39,"column":9},"end":{"line":39,"column":16}},"loc":{"start":{"line":39,"column":56},"end":{"line":43,"column":1}},"line":39},"2":{"name":"CalendarScreen","decl":{"start":{"line":45,"column":16},"end":{"line":45,"column":30}},"loc":{"start":{"line":45,"column":94},"end":{"line":181,"column":1}},"line":45},"3":{"name":"(anonymous_3)","decl":{"start":{"line":55,"column":32},"end":{"line":55,"column":33}},"loc":{"start":{"line":55,"column":38},"end":{"line":59,"column":3}},"line":55},"4":{"name":"(anonymous_4)","decl":{"start":{"line":58,"column":25},"end":{"line":58,"column":26}},"loc":{"start":{"line":58,"column":32},"end":{"line":58,"column":54}},"line":58},"5":{"name":"(anonymous_5)","decl":{"start":{"line":63,"column":32},"end":{"line":63,"column":33}},"loc":{"start":{"line":63,"column":38},"end":{"line":76,"column":3}},"line":63},"6":{"name":"(anonymous_6)","decl":{"start":{"line":91,"column":30},"end":{"line":91,"column":31}},"loc":{"start":{"line":91,"column":39},"end":{"line":110,"column":9}},"line":91},"7":{"name":"(anonymous_7)","decl":{"start":{"line":97,"column":23},"end":{"line":97,"column":24}},"loc":{"start":{"line":97,"column":29},"end":{"line":97,"column":49}},"line":97},"8":{"name":"(anonymous_8)","decl":{"start":{"line":140,"column":24},"end":{"line":140,"column":25}},"loc":{"start":{"line":140,"column":34},"end":{"line":140,"column":43}},"line":140},"9":{"name":"(anonymous_9)","decl":{"start":{"line":141,"column":22},"end":{"line":141,"column":23}},"loc":{"start":{"line":142,"column":12},"end":{"line":151,"column":19}},"line":142},"10":{"name":"(anonymous_10)","decl":{"start":{"line":148,"column":31},"end":{"line":148,"column":32}},"loc":{"start":{"line":149,"column":16},"end":{"line":149,"column":58}},"line":149},"11":{"name":"formatSectionDate","decl":{"start":{"line":183,"column":9},"end":{"line":183,"column":26}},"loc":{"start":{"line":183,"column":52},"end":{"line":194,"column":1}},"line":183}},"branchMap":{"0":{"loc":{"start":{"line":50,"column":14},"end":{"line":50,"column":55}},"type":"cond-expr","locations":[{"start":{"line":50,"column":35},"end":{"line":50,"column":44}},{"start":{"line":50,"column":47},"end":{"line":50,"column":55}}],"line":50},"1":{"loc":{"start":{"line":56,"column":4},"end":{"line":56,"column":33}},"type":"if","locations":[{"start":{"line":56,"column":4},"end":{"line":56,"column":33}},{"start":{},"end":{}}],"line":56},"2":{"loc":{"start":{"line":61,"column":26},"end":{"line":61,"column":76}},"type":"binary-expr","locations":[{"start":{"line":61,"column":26},"end":{"line":61,"column":36}},{"start":{"line":61,"column":40},"end":{"line":61,"column":76}}],"line":61},"3":{"loc":{"start":{"line":67,"column":6},"end":{"line":73,"column":7}},"type":"if","locations":[{"start":{"line":67,"column":6},"end":{"line":73,"column":7}},{"start":{"line":70,"column":13},"end":{"line":73,"column":7}}],"line":67},"4":{"loc":{"start":{"line":96,"column":35},"end":{"line":96,"column":64}},"type":"binary-expr","locations":[{"start":{"line":96,"column":35},"end":{"line":96,"column":43}},{"start":{"line":96,"column":47},"end":{"line":96,"column":64}}],"line":96},"5":{"loc":{"start":{"line":103,"column":23},"end":{"line":103,"column":66}},"type":"cond-expr","locations":[{"start":{"line":103,"column":34},"end":{"line":103,"column":43}},{"start":{"line":103,"column":46},"end":{"line":103,"column":66}}],"line":103},"6":{"loc":{"start":{"line":105,"column":46},"end":{"line":105,"column":80}},"type":"binary-expr","locations":[{"start":{"line":105,"column":46},"end":{"line":105,"column":54}},{"start":{"line":105,"column":58},"end":{"line":105,"column":80}}],"line":105},"7":{"loc":{"start":{"line":113,"column":7},"end":{"line":118,"column":7}},"type":"binary-expr","locations":[{"start":{"line":113,"column":7},"end":{"line":113,"column":14}},{"start":{"line":114,"column":8},"end":{"line":117,"column":15}}],"line":113},"8":{"loc":{"start":{"line":120,"column":7},"end":{"line":127,"column":7}},"type":"binary-expr","locations":[{"start":{"line":120,"column":7},"end":{"line":120,"column":12}},{"start":{"line":120,"column":16},"end":{"line":120,"column":24}},{"start":{"line":121,"column":8},"end":{"line":126,"column":15}}],"line":120},"9":{"loc":{"start":{"line":129,"column":7},"end":{"line":135,"column":7}},"type":"binary-expr","locations":[{"start":{"line":129,"column":7},"end":{"line":129,"column":15}},{"start":{"line":129,"column":19},"end":{"line":129,"column":25}},{"start":{"line":129,"column":29},"end":{"line":129,"column":55}},{"start":{"line":130,"column":8},"end":{"line":134,"column":15}}],"line":129},"10":{"loc":{"start":{"line":137,"column":7},"end":{"line":178,"column":7}},"type":"binary-expr","locations":[{"start":{"line":137,"column":7},"end":{"line":137,"column":15}},{"start":{"line":137,"column":19},"end":{"line":137,"column":25}},{"start":{"line":137,"column":29},"end":{"line":137,"column":53}},{"start":{"line":138,"column":8},"end":{"line":177,"column":10}}],"line":137},"11":{"loc":{"start":{"line":145,"column":19},"end":{"line":145,"column":87}},"type":"cond-expr","locations":[{"start":{"line":145,"column":46},"end":{"line":145,"column":56}},{"start":{"line":145,"column":59},"end":{"line":145,"column":87}}],"line":145},"12":{"loc":{"start":{"line":158,"column":12},"end":{"line":175,"column":20}},"type":"cond-expr","locations":[{"start":{"line":159,"column":14},"end":{"line":174,"column":33}},{"start":{"line":175,"column":16},"end":{"line":175,"column":20}}],"line":158}},"s":{"0":0,"1":0,"2":0,"3":0,"4":0,"5":0,"6":0,"7":0,"8":0,"9":0,"10":0,"11":0,"12":0,"13":0,"14":0,"15":0,"16":0,"17":0,"18":0,"19":0,"20":0,"21":0,"22":0,"23":0,"24":0,"25":0,"26":0,"27":0,"28":0,"29":0,"30":0,"31":0,"32":0,"33":0,"34":0,"35":0,"36":0,"37":0},"f":{"0":0,"1":0,"2":0,"3":0,"4":0,"5":0,"6":0,"7":0,"8":0,"9":0,"10":0,"11":0},"b":{"0":[0,0],"1":[0,0],"
[...]
olumn":3}},"15":{"start":{"line":65,"column":4},"end":{"line":65,"column":46}},"16":{"start":{"line":68,"column":2},"end":{"line":70,"column":3}},"17":{"start":{"line":69,"column":4},"end":{"line":69,"column":50}},"18":{"start":{"line":72,"column":26},"end":{"line":72,"column":37}},"19":{"start":{"line":73,"column":2},"end":{"line":73,"column":25}},"20":{"start":{"line":73,"column":13},"end":{"line":73,"column":25}},"21":{"start":{"line":74,"column":2},"end":{"line":74,"column":33}},"22":{"start":{"line":80,"column":26},"end":{"line":83,"column":26}},"23":{"start":{"line":85,"column":2},"end":{"line":85,"column":25}},"24":{"start":{"line":85,"column":13},"end":{"line":85,"column":25}},"25":{"start":{"line":86,"column":2},"end":{"line":86,"column":30}},"26":{"start":{"line":92,"column":14},"end":{"line":96,"column":65}},"27":{"start":{"line":98,"column":2},"end":{"line":100,"column":3}},"28":{"start":{"line":99,"column":4},"end":{"line":99,"column":43}},"29":{"start":{"line":102,"column":26},"end":{"line":102,"column":37}},"30":{"start":{"line":103,"column":2},"end":{"line":103,"column":25}},"31":{"start":{"line":103,"column":13},"end":{"line":103,"column":25}},"32":{"start":{"line":104,"column":2},"end":{"line":104,"column":37}},"33":{"start":{"line":109,"column":2},"end":{"line":109,"column":66}},"34":{"start":{"line":114,"column":2},"end":{"line":114,"column":61}},"35":{"start":{"line":120,"column":26},"end":{"line":124,"column":18}},"36":{"start":{"line":126,"column":2},"end":{"line":126,"column":25}},"37":{"start":{"line":126,"column":13},"end":{"line":126,"column":25}},"38":{"start":{"line":127,"column":2},"end":{"line":127,"column":32}},"39":{"start":{"line":133,"column":29},"end":{"line":133,"column":58}},"40":{"start":{"line":134,"column":2},"end":{"line":134,"column":34}},"41":{"start":{"line":134,"column":22},"end":{"line":134,"column":34}},"42":{"start":{"line":136,"column":26},"end":{"line":140,"column":18}},"43":{"start":{"line":142,"column":2},"end":{"line":142,"column":25}},"44":{"start":{"line":142,"column":13},"end":{"line":142,"column":25}},"45":{"start":{"line":143,"column":2},"end":{"line":143,"column":32}},"46":{"start":{"line":149,"column":29},"end":{"line":149,"column":58}},"47":{"start":{"line":150,"column":2},"end":{"line":150,"column":58}},"48":{"start":{"line":150,"column":22},"end":{"line":150,"column":58}},"49":{"start":{"line":152,"column":26},"end":{"line":156,"column":13}},"50":{"start":{"line":158,"column":2},"end":{"line":158,"column":25}},"51":{"start":{"line":158,"column":13},"end":{"line":158,"column":25}},"52":{"start":{"line":159,"column":2},"end":{"line":159,"column":25}},"53":{"start":{"line":166,"column":20},"end":{"line":169,"column":24}},"54":{"start":{"line":171,"column":2},"end":{"line":171,"column":25}},"55":{"start":{"line":171,"column":13},"end":{"line":171,"column":25}},"56":{"start":{"line":175,"column":26},"end":{"line":179,"column":46}},"57":{"start":{"line":181,"column":2},"end":{"line":181,"column":25}},"58":{"start":{"line":181,"column":13},"end":{"line":181,"column":25}},"59":{"start":{"line":182,"column":2},"end":{"line":182,"column":47}},"60":{"start":{"line":186,"column":26},"end":{"line":190,"column":44}},"61":{"start":{"line":192,"column":2},"end":{"line":192,"column":25}},"62":{"start":{"line":192,"column":13},"end":{"line":192,"column":25}},"63":{"start":{"line":193,"column":2},"end":{"line":193,"column":42}},"64":{"start":{"line":197,"column":26},"end":{"line":201,"column":46}},"65":{"start":{"line":203,"column":2},"end":{"line":203,"column":25}},"66":{"start":{"line":203,"column":13},"end":{"line":203,"column":25}},"67":{"start":{"line":204,"column":2},"end":{"line":204,"column":37}},"68":{"start":{"line":210,"column":26},"end":{"line":214,"column":13}},"69":{"start":{"line":216,"column":2},"end":{"line":216,"column":25}},"70":{"start":{"line":216,"column":13},"end":{"line":216,"column":25}},"71":{"start":{"line":217,"column":2},"end":{"line":217,"column":27}},"72":{"start":{"line":224,"column":20},"end":{"line":227,"column":19}},"73":{"start":{"line":229,"column":2},"end":{"line":229,"column":25}},"74":{"start":{"line":229,"column":13},"end":{"line":229,"column":25}},"75":{"start":{"line":235,"column":26},"end":{"line":238,"column":46}},"76":{"start":{"line":240,"column":2},"end":{"line":240,"column":25}},"77":{"start":{"line":240,"column":13},"end":{"line":240,"column":25}},"78":{"start":{"line":241,"column":2},"end":{"line":241,"column":35}},"79":{"start":{"line":248,"column":20},"end":{"line":251,"column":24}},"80":{"start":{"line":253,"column":2},"end":{"line":253,"column":25}},"81":{"start":{"line":253,"column":13},"end":{"line":253,"column":25}},"82":{"start":{"line":257,"column":26},"end":{"line":260,"column":44}},"83":{"start":{"line":262,"column":2},"end":{"line":262,"column":25}},"84":{"start":{"line":262,"column":13},"end":{"line":262,"column":25}},"85":{"start":{"line":263,"column":2},"end":{"line":263,"column":42}},"86":{"start":{"line":267,"column":26},"end":{"line":270,"column":46}},"87":{"start":{"line":272,"column":2},"end":{"line":272,"column":25}},"88":{"start":{"line":272,"column":13},"end":{"line":272,"column":25}},"89":{"start":{"line":273,"column":2},"end":{"line":273,"column":37}},"90":{"start":{"line":277,"column":20},"end":{"line":280,"column":19}},"91":{"start":{"line":282,"column":2},"end":{"line":282,"column":25}},"92":{"start":{"line":282,"column":13},"end":{"line":282,"column":25}},"93":{"start":{"line":289,"column":20},"end":{"line":292,"column":24}},"94":{"start":{"line":294,"column":2},"end":{"line":294,"column":25}},"95":{"start":{"line":294,"column":13},"end":{"line":294,"column":25}}},"fnMap":{"0":{"name":"fetchListings","decl":{"start":{"line":17,"column":22},"end":{"line":17,"column":35}},"loc":{"start":{"line":20,"column":23},"end":{"line":38,"column":1}},"line":20},"1":{"name":"fetchListingsWithCoords","decl":{"start":{"line":40,"column":22},"end":{"line":40,"column":45}},"loc":{"start":{"line":40,"column":68},"end":{"line":50,"column":1}},"line":40},"2":{"name":"fetchEvents","decl":{"start":{"line":54,"column":22},"end":{"line":54,"column":33}},"loc":{"start":{"line":57,"column":21},"end":{"line":75,"column":1}},"line":57},"3":{"name":"fetchAds","decl":{"start":{"line":79,"column":22},"end":{"line":79,"column":30}},"loc":{"start":{"line":79,"column":48},"end":{"line":87,"column":1}},"line":79},"4":{"name":"fetchPartnerAds","decl":{"start":{"line":91,"column":22},"end":{"line":91,"column":37}},"loc":{"start":{"line":91,"column":79},"end":{"line":105,"column":1}},"line":91},"5":{"name":"trackAdImpression","decl":{"start":{"line":108,"column":22},"end":{"line":108,"column":39}},"loc":{"start":{"line":108,"column":69},"end":{"line":110,"column":1}},"line":108},"6":{"name":"trackAdClick","decl":{"start":{"line":113,"column":22},"end":{"line":113,"column":34}},"loc":{"start":{"line":113,"column":64},"end":{"line":115,"column":1}},"line":113},"7":{"name":"fetchAppUser","decl":{"start":{"line":119,"column":22},"end":{"line":119,"column":34}},"loc":{"start":{"line":119,"column":76},"end":{"line":128,"column":1}},"line":119},"8":{"name":"fetchMyPartnerProfile","decl":{"start":{"line":132,"column":22},"end":{"line":132,"column":43}},"loc":{"start":{"line":132,"column":71},"end":{"line":144,"column":1}},"line":132},"9":{"name":"createPartnerProfile","decl":{"start":{"line":146,"column":22},"end":{"line":146,"column":42}},"loc":{"start":{"line":148,"column":20},"end":{"line":160,"column":1}},"line":148},"10":{"name":"updatePartnerProfile","decl":{"start":{"line":162,"column":22},"end":{"line":162,"column":42}},"loc":{"start":{"line":165,"column":17},"end":{"line":172,"column":1}},"line":165},"11":{"name":"fetchMySubscriptions","decl":{"start":{"line":174,"column":22},"end":{"line":174,"column":42}},"loc":{"start":{"line":174,"column":94},"end":{"line":183,"column":1}},"line":174},"12":{"name":"fetchMyInvoices","decl":{"start":{"line":185,"column":22},"end":{"line":185,"column":37}},"loc":{"start":{"line":185,"column":84},"end":{"line":194,"column":1}},"line":185},"13":{"name":"fetchMyAds","decl":{"start":{"line":196,"column":22},"end":{"line":196,"column":32}},"loc":{"start":{"line":196,"column":74},"end":{"line":205,"column":1}},"line":196},"14":{"name":"createPartnerAd","decl":{"start":{"line":207,"column":22},"end":{"line":207,"column":37}},"loc":{"start":{"line":209,"column":22},"end":{"line":218,"column":1}},"line":209},"15":{"name":"updatePartnerAd","decl":{"start":{"line":220,"column":22},"end":{"line":220,"column":37}},"loc":{"start":{"line":223,"column":17},"end":{"line":230,"column":1}},"line":223},"16":{"name":"adminFetchAllPartners","decl":{"start":{"line":234,"column":22},"end":{"line":234,"column":43}},"loc":{"start":{"line":234,"column":66},"end":{"line":242,"column":1}},"line":234},"17":{"name":"adminUpdatePartnerStatus","decl":{"start":{"line":244,"column":22},"end":{"line":244,"column":46}},"loc":{"start":{"line":247,"column":17},"end":{"line":254,"column":1}},"line":247},"18":{"name":"adminFetchAllInvoices","decl":{"start":{"line":256,"column":22},"end":{"line":256,"column":43}},"loc":{"start":{"line":256,"column":73},"end":{"line":264,"column":1}},"line":256},"19":{"name":"adminFetchAllPartnerAds","decl":{"start":{"line":266,"column":22},"end":{"line":266,"column":45}},"loc":{"start":{"line":266,"column":70},"end":{"line":274,"column":1}},"line":266},"20":{"name":"adminTogglePartnerAd","decl":{"start":{"line":276,"column":22},"end":{"line":276,"column":42}},"loc":{"start":{"line":276,"column":91},"end":{"line":283,"column":1}},"line":276},"21":{"name":"adminMarkInvoicePaid","decl":{"start":{"line":285,"column":22},"end":{"line":285,"column":42}},"loc":{"start":{"line":288,"column":17},"end":{"line":295,"column":1}},"line":288}},"branchMap":{"0":{"loc":{"start":{"line":27,"column":2},"end":{"line":29,"column":3}},"type":"if","locations":[{"start":{"line":27,"column":2},"end":{"line":29,"column":3}},{"start":{},"end":{}}],"line":27},"1":{"loc":{"start":{"line":31,"column":2},"end":{"line":33,"column":3}},"type":"if","locations":[{"start":{"line":31,"column":2},"end":{"line":33,"column":3}},{"start":{},"end":{}}],"line":31},"2":{"loc":{"start":{"line":36,"column":2},"end":{"line":36,"column":25}},"type":"if","locations":[{"start":{"line":36,"column":2},"end":{"line":36,"column":25}},{"start":{},"end":{}}],"line":36},"3":{"loc":{"start":{"line":37,"column":10},"end":{"line":37,"column":20}},"type":"binary-expr","locations":[{"start":{"line":37,"column":10},"end":{"line":37,"column":14}},{"start":{"line":37,"column":18},"end":{"line":37,"column":20}}],"line":37},"4":{"loc":{"start":{"line":48,"column":2},"end":{"line":48,"column":25}},"type":"if","locations":[{"start":{"line":48,"column":2},"end":{"line":48,"column":25}},{"start":{},"end":{}}],"line":48},"5":{"loc":{"start":{"line":49,"column":10},"end":{"line":49,"column":20}},"type":"binary-expr","locations":[{"start":{"line":49,"column":10},"end":{"line":49,"column":14}},{"start":{"line":49,"column":18},"end":{"line":49,"column":20}}],"line":49},"6":{"loc":{"start":{"line":64,"column":2},"end":{"line":66,"column":3}},"type":"if","locations":[{"start":{"line":64,"column":2},"end":{"line":66,"column":3}},{"start":{},"end":{}}],"line":64},"7":{"loc":{"start":{"line":68,"column":2},"end":{"line":70,"column":3}},"type":"if","locations":[{"start":{"line":68,"column":2},"end":{"line":70,"column":3}},{"start":{},"end":{}}],"line":68},"8":{"loc":{"start":{"line":73,"column":2},"end":{"line":73,"column":25}},"type":"if","locations":[{"start":{"line":73,"column":2},"end":{"line":73,"column":25}},{"start":{},"end":{}}],"line":73},"9":{"loc":{"start":{"line":74,"column":10},"end":{"line":74,"column":20}},"type":"binary-expr","locations":[{"start":{"line":74,"column":10},"end":{"line":74,"column":14}},{"start":{"line":74,"column":18},"end":{"line":74,"column":20}}],"line":74},"10":{"loc":{"start":{"line":85,"column":2},"end":{"line":85,"column":25}},"type":"if","locations":[{"start":{"line":85,"column":2},"end":{"line":85,"column":25}},{"start":{},"end":{}}],"line":85},"11":{"loc":{"start":{"line":86,"column":10},"end":{"line":86,"column":20}},"type":"binary-expr","locations":[{"start":{"line":86,"column":10},"end":{"line":86,"column":14}},{"start":{"line":86,"column":18},"end":{"line":86,"column":20}}],"line":86},"12":{"loc":{"start":{"line":98,"column":2},"end":{"line":100,"column":3}},"type":"if","locations":[{"start":{"line":98,"column":2},"end":{"line":100,"column":3}},{"start":{},"end":{}}],"line":98},"13":{"loc":{"start":{"line":103,"column":2},"end":{"line":103,"column":25}},"type":"if","locations":[{"start":{"line":103,"column":2},"end":{"line":103,"column":25}},{"start":{},"end":{}}],"line":103},"14":{"loc":{"start":{"line":104,"column":10},"end":{"line":104,"column":20}},"type":"binary-expr","locations":[{"start":{"line":104,"column":10},"end":{"line":104,"column":14}},{"start":{"line":104,"column":18},"end":{"line":104,"column":20}}],"line":104},"15":{"loc":{"start":{"line":126,"column":2},"end":{"line":126,"column":25}},"type":"if","locations":[{"start":{"line":126,"column":2},"end":{"line":126,"column":25}},{"start":{},"end":{}}],"line":126},"16":{"loc":{"start":{"line":134,"column":2},"end":{"line":134,"column":34}},"type":"if","locations":[{"start":{"line":134,"column":2},"end":{"line":134,"column":34}},{"start":{},"end":{}}],"line":134},"17":{"loc":{"start":{"line":142,"column":2},"end":{"line":142,"column":25}},"type":"if","locations":[{"start":{"line":142,"column":2},"end":{"line":142,"column":25}},{"start":{},"end":{}}],"line":142},"18":{"loc":{"start":{"line":150,"column":2},"end":{"line":150,"column":58}},"type":"if","locations":[{"start":{"line":150,"column":2},"end":{"line":150,"column":58}},{"start":{},"end":{}}],"line":150},"19":{"loc":{"start":{"line":158,"column":2},"end":{"line":158,"column":25}},"type":"if","locations":[{"start":{"line":158,"column":2},"end":{"line":158,"column":25}},{"start":{},"end":{}}],"line":158},"20":{"loc":{"start":{"line":171,"column":2},"end":{"line":171,"column":25}},"type":"if","locations":[{"start":{"line":171,"column":2},"end":{"line":171,"column":25}},{"start":{},"end":{}}],"line":171},"21":{"loc":{"start":{"line":181,"column":2},"end":{"line":181,"column":25}},"type":"if","locations":[{"start":{"line":181,"column":2},"end":{"line":181,"column":25}},{"start":{},"end":{}}],"line":181},"22":{"loc":{"start":{"line":182,"column":10},"end":{"line":182,"column":20}},"type":"binary-expr","locations":[{"start":{"line":182,"column":10},"end":{"line":182,"column":14}},{"start":{"line":182,"column":18},"end":{"line":182,"column":20}}],"line":182},"23":{"loc":{"start":{"line":192,"column":2},"end":{"line":192,"column":25}},"type":"if","locations":[{"start":{"line":192,"column":2},"end":{"line":192,"column":25}},{"start":{},"end":{}}],"line":192},"24":{"loc":{"start":{"line":193,"column":10},"end":{"line":193,"column":20}},"type":"binary-expr","locations":[{"start":{"line":193,"column":10},"end":{"line":193,"column":14}},{"start":{"line":193,"column":18},"end":{"line":193,"column":20}}],"line":193},"25":{"loc":{"start":{"line":203,"column":2},"end":{"line":203,"column":25}},"type":"if","locations":[{"start":{"line":203,"column":2},"end":{"line":203,"column":25}},{"start":{},"end":{}}],"line":203},"26":{"loc":{"start":{"line":204,"column":10},"end":{"line":204,"column":20}},"type":"binary-expr","locations":[{"start":{"line":204,"column":10},"end":{"line":204,"column":14}},{"start":{"line":204,"column":18},"end":{"line":204,"column":20}}],"line":204},"27":{"loc":{"start":{"line":216,"column":2},"end":{"line":216,"column":25}},"type":"if","locations":[{"start":{"line":216,"column":2},"end":{"line":216,"column":25}},{"start":{},"end":{}}],"line":216},"28":{"loc":{"start":{"line":229,"column":2},"end":{"line":229,"column":25}},"type":"if","locations":[{"start":{"line":229,"column":2},"end":{"line":229,"column":25}},{"start":{},"end":{}}],"line":229},"29":{"loc":{"start":{"line":240,"column":2},"end":{"line":240,"column":25}},"type":"if","locations":[{"start":{"line":240,"column":2},"end":{"line":240,"column":25}},{"start":{},"end":{}}],"line":240},"30":{"loc":{"start":{"line":241,"column":10},"end":{"line":241,"column":20}},"type":"binary-expr","locations":[{"start":{"line":241,"column":10},"end":{"line":241,"column":14}},{"start":{"line":241,"column":18},"end":{"line":241,"column":20}}],"line":241},"31":{"loc":{"start":{"line":253,"column":2},"end":{"line":253,"column":25}},"type":"if","locations":[{"start":{"line":253,"column":2},"end":{"line":253,"column":25}},{"start":{},"end":{}}],"line":253},"32":{"loc":{"start":{"line":262,"column":2},"end":{"line":262,"column":25}},"type":"if","locations":[{"start":{"line":262,"column":2},"end":{"line":262,"column":25}},{"start":{},"end":{}}],"line":262},"33":{"loc":{"start":{"line":263,"column":10},"end":{"line":263,"column":20}},"type":"binary-expr","locations":[{"start":{"line":263,"column":10},"end":{"line":263,"column":14}},{"start":{"line":263,"column":18},"end":{"line":263,"column":20}}],"line":263},"34":{"loc":{"start":{"line":272,"column":2},"end":{"line":272,"column":25}},"type":"if","locations":[{"start":{"line":272,"column":2},"end":{"line":272,"column":25}},{"start":{},"end":{}}],"line":272},"35":{"loc":{"start":{"line":273,"column":10},"end":{"line":273,"column":20}},"type":"binary-expr","locations":[{"start":{"line":273,"column":10},"end":{"line":273,"column":14}},{"start":{"line":273,"column":18},"end":{"line":273,"column":20}}],"line":273},"36":{"loc":{"start":{"line":282,"column":2},"end":{"line":282,"column":25}},"type":"if","locations":[{"start":{"line":282,"column":2},"end":{"line":282,"column":25}},{"start":{},"end":{}}],"line":282},"37":{"loc":{"start":{"line":294,"column":2},"end":{"line":294,"column":25}},"type":"if","locations":[{"start":{"line":294,"column":2},"end":{"line":294,"column":25}},{"start":{},"end":{}}],"line":294}},"s":{"0":6,"1":6,"2":2,"3":6,"4":2,"5":6,"6":6,"7":1,"8":5,"9":2,"10":2,"11":1,"12":1,"13":5,"14":5,"15":1,"16":5,"17":1,"18":5,"19":5,"20":1,"21":4,"22":2,"23":2,"24":1,"25":1,"26":4,"27":4,"28":1,"29":4,"30":4,"31":1,"32":3,"33":1,"34":1,"35":3,"36":3,"37":1,"38":2,"39":3,"40":3,"41":1,"42":2,"43":2,"44":1,"45":1,"46":2,"47":2,"48":1,"49":1,"50":1,"51":0,"52":1,"53":2,"54":2,"55":1,"56":3,"57":3,"58":1,"59":2,"60":2,"61":2,"62":0,"63":2,"64":1,"65":1,"66":0,"67":1,"68":2,"69":2,"70":1,"71":1,"72":2,"73":2,"74":1,"75":2,"76":2,"77":0,"78":2,"79":2,"80":2,"81":1,"82":2,"83":2,"84":0,"85":2,"86":1,"87":1,"88":0,"89":1,"90":2,"91":2,"92":1,"93":2,"94":2,"95":1},"f":{"0":6,"1":2,"2":5,"3":2,"4":4,"5":1,"6":1,"7":3,"8":3,"9":2,"10":2,"11":3,"12":2,"13":1,"14":2,"15":2,"16":2,"17":2,"18":2,"19":1,"20":2,"21":2},"b":{"0":[2,4],"1":[2,4],"2":[1,5],"3":[5,1],"4":[1,1],"5":[1,0],"6":[1,4],"7":[1,4],"8":[1,4],"9":[4,1],"10":[1,1],"11":[1,0],"12":[1,3],"13":[1,3],"14":[3,1],"15":[1,2],"16":[1,2],"17":[1,1],"18":[1,1],"19":[0,1],"20":[1,1],"21":[1,2],"22":[2,1],"23":[0,2],"24":[2,1],"25":[0,1],"26":[1,0],"27":[1,1],"28":[1,1],"29":[0,2],"30":[2,1],"31":[1,1],"32":[0,2],"33":[2,1],"34":[0,1],"35":[1,0],"36":[1,1],"37":[1,1]},"_coverageSchema":"1a1c01bbd47fc00a2c39e90264f33305004495a9","hash":"ea4bae32a72b754f1b34ab19d97d51be08a48789"}
,"/home/runner/work/winti-guide-app/winti-guide-app/src/styles/theme.ts": {"path":"/home/runner/work/winti-guide-app/winti-guide-app/src/styles/theme.ts","statementMap":{"0":{"start":{"line":1,"column":21},"end":{"line":78,"column":10}}},"fnMap":{},"branchMap":{},"s":{"0":2},"f":{},"b":{},"_coverageSchema":"1a1c01bbd47fc00a2c39e90264f33305004495a9","hash":"60c799a74577ff3defe08c7c07102124c1fa7eea"}
,"/home/runner/work/winti-guide-app/winti-guide-app/src/types/index.ts": {"path":"/home/runner/work/winti-guide-app/winti-guide-app/src/types/index.ts","statementMap":{},"fnMap":{},"branchMap":{},"s":{},"f":{},"b":{}}
}
