TN:
SF:src/components/AiGuideCard.tsx
FN:23,AiGuideCard
FN:31,(anonymous_1)
FN:41,(anonymous_2)
FN:55,(anonymous_3)
FN:76,(anonymous_4)
FN:80,(anonymous_5)
FN:97,(anonymous_6)
FN:139,(anonymous_7)
FN:144,(anonymous_8)
FNF:9
FNH:0
FNDA:0,AiGuideCard
FNDA:0,(anonymous_1)
FNDA:0,(anonymous_2)
FNDA:0,(anonymous_3)
FNDA:0,(anonymous_4)
FNDA:0,(anonymous_5)
FNDA:0,(anonymous_6)
FNDA:0,(anonymous_7)
FNDA:0,(anonymous_8)
DA:17,0
DA:24,0
DA:25,0
DA:26,0
DA:27,0
DA:29,0
DA:31,0
DA:32,0
DA:33,0
DA:35,0
DA:36,0
DA:37,0
DA:38,0
DA:39,0
DA:41,0
DA:43,0
DA:44,0
DA:45,0
DA:46,0
DA:48,0
DA:52,0
DA:54,0
DA:55,0
DA:59,0
DA:77,0
DA:80,0
DA:98,0
DA:139,0
DA:144,0
DA:160,0
LF:30
LH:0
BRDA:33,0,0,0
BRDA:33,0,1,0
BRDA:33,1,0,0
BRDA:33,1,1,0
BRDA:60,2,0,0
BRDA:60,2,1,0
BRDA:74,3,0,0
BRDA:74,3,1,0
BRDA:90,4,0,0
BRDA:90,4,1,0
BRDA:102,5,0,0
BRDA:102,5,1,0
BRDA:105,6,0,0
BRDA:105,6,1,0
BRDA:111,7,0,0
BRDA:111,7,1,0
BRDA:118,8,0,0
BRDA:118,8,1,0
BRDA:143,9,0,0
BRDA:143,9,1,0
BRDA:143,9,2,0
BRDA:145,10,0,0
BRDA:145,10,1,0
BRDA:151,11,0,0
BRDA:151,11,1,0
BRDA:151,12,0,0
BRDA:151,12,1,0
BRF:27
BRH:0
end_of_record
TN:
SF:src/components/CategoryFilter.tsx
FN:39,CategoryFilter
FN:47,(anonymous_1)
FN:53,(anonymous_2)
FNF:3
FNH:3
FNDA:15,CategoryFilter
FNDA:150,(anonymous_1)
FNDA:11,(anonymous_2)
DA:21,1
DA:40,15
DA:48,150
DA:49,150
DA:53,11
DA:71,1
LF:6
LH:6
BRDA:52,0,0,150
BRDA:52,0,1,15
BRDA:59,1,0,15
BRDA:59,1,1,135
BRDA:61,2,0,150
BRDA:61,2,1,15
BRF:6
BRH:6
end_of_record
TN:
SF:src/components/EventCard.tsx
FN:28,formatWeekday
FN:37,formatDay
FN:46,formatMonth
FN:55,EventCard
FN:58,(anonymous_4)
FNF:5
FNH:0
FNDA:0,formatWeekday
FNDA:0,formatDay
FNDA:0,formatMonth
FNDA:0,EventCard
FNDA:0,(anonymous_4)
DA:13,0
DA:29,0
DA:30,0
DA:31,0
DA:33,0
DA:38,0
DA:39,0
DA:40,0
DA:42,0
DA:47,0
DA:48,0
DA:49,0
DA:51,0
DA:56,0
DA:58,0
DA:59,0
DA:60,0
DA:61,0
DA:65,0
DA:67,0
DA:131,0
LF:21
LH:0
BRDA:56,0,0,0
BRDA:56,0,1,0
BRDA:59,1,0,0
BRDA:59,1,1,0
BRDA:60,2,0,0
BRDA:60,2,1,0
BRDA:74,3,0,0
BRDA:74,3,1,0
BRDA:93,4,0,0
BRDA:93,4,1,0
BRDA:100,5,0,0
BRDA:100,5,1,0
BRDA:103,6,0,0
BRDA:103,6,1,0
BRDA:105,7,0,0
BRDA:105,7,1,0
BRDA:105,8,0,0
BRDA:105,8,1,0
BRDA:105,8,2,0
BRDA:114,9,0,0
BRDA:114,9,1,0
BRDA:120,10,0,0
BRDA:120,10,1,0
BRF:23
BRH:0
end_of_record
TN:
SF:src/components/FeaturedRow.tsx
FN:16,FeaturedRow
FN:26,(anonymous_1)
FNF:2
FNH:0
FNDA:0,FeaturedRow
FNDA:0,(anonymous_1)
DA:13,0
DA:14,0
DA:17,0
DA:27,0
DA:41,0
LF:5
LH:0
BRF:0
BRH:0
end_of_record
TN:
SF:src/components/HeroCard.tsx
FN:48,HeroCard
FN:72,(anonymous_1)
FNF:2
FNH:0
FNDA:0,HeroCard
FNDA:0,(anonymous_1)
DA:14,0
DA:27,0
DA:56,0
DA:57,0
DA:60,0
DA:72,0
DA:96,0
DA:105,0
LF:8
LH:0
BRDA:52,0,0,0
BRDA:53,1,0,0
BRDA:56,2,0,0
BRDA:56,2,1,0
BRDA:57,3,0,0
BRDA:57,3,1,0
BRDA:76,4,0,0
BRDA:76,4,1,0
BRDA:78,5,0,0
BRDA:78,5,1,0
BRDA:87,6,0,0
BRDA:87,6,1,0
BRF:12
BRH:0
end_of_record
TN:
SF:src/components/ListingCard.tsx
FN:44,ListingCard
FN:48,(anonymous_1)
FN:57,(anonymous_2)
FN:119,(anonymous_3)
FN:130,(anonymous_4)
FNF:5
FNH:0
FNDA:0,ListingCard
FNDA:0,(anonymous_1)
FNDA:0,(anonymous_2)
FNDA:0,(anonymous_3)
FNDA:0,(anonymous_4)
DA:13,0
DA:25,0
DA:45,0
DA:46,0
DA:48,0
DA:49,0
DA:50,0
DA:53,0
DA:57,0
DA:58,0
DA:59,0
DA:63,0
DA:119,0
DA:130,0
DA:143,0
LF:15
LH:0
BRDA:45,0,0,0
BRDA:45,0,1,0
BRDA:46,1,0,0
BRDA:46,1,1,0
BRDA:49,2,0,0
BRDA:49,2,1,0
BRDA:50,3,0,0
BRDA:50,3,1,0
BRDA:58,4,0,0
BRDA:58,4,1,0
BRDA:76,5,0,0
BRDA:76,5,1,0
BRDA:81,6,0,0
BRDA:81,6,1,0
BRDA:87,7,0,0
BRDA:87,7,1,0
BRDA:93,8,0,0
BRDA:93,8,1,0
BRDA:99,9,0,0
BRDA:99,9,1,0
BRDA:99,9,2,0
BRDA:101,10,0,0
BRDA:101,10,1,0
BRDA:107,11,0,0
BRDA:107,11,1,0
BRDA:116,12,0,0
BRDA:116,12,1,0
BRDA:116,12,2,0
BRDA:116,12,3,0
BRDA:134,13,0,0
BRDA:134,13,1,0
BRDA:136,14,0,0
BRDA:136,14,1,0
BRF:33
BRH:0
end_of_record
TN:
SF:src/components/MapWebView.tsx
FN:12,MapWebView
FN:23,(anonymous_1)
FNF:2
FNH:0
FNDA:0,MapWebView
FNDA:0,(anonymous_1)
DA:13,0
DA:24,0
DA:37,0
LF:3
LH:0
BRF:0
BRH:0
end_of_record
TN:
SF:src/components/MapWebView.web.tsx
FN:9,MapWebView
FNF:1
FNH:0
FNDA:0,MapWebView
DA:10,0
LF:1
LH:0
BRF:0
BRH:0
end_of_record
TN:
SF:src/components/NavigationBar.tsx
FN:27,NavigationBar
FN:30,(anonymous_1)
FN:42,(anonymous_2)
FNF:3
FNH:0
FNDA:0,NavigationBar
FNDA:0,(anonymous_1)
FNDA:0,(anonymous_2)
DA:8,0
DA:28,0
DA:31,0
DA:32,0
DA:33,0
DA:38,0
DA:42,0
DA:61,0
LF:8
LH:0
BRDA:33,0,0,0
BRDA:33,0,1,0
BRDA:34,1,0,0
BRDA:34,1,1,0
BRDA:45,2,0,0
BRDA:45,2,1,0
BRDA:49,3,0,0
BRDA:49,3,1,0
BRDA:51,4,0,0
BRDA:51,4,1,0
BRF:10
BRH:0
end_of_record
TN:
SF:src/components/PartnerAdBanner.tsx
FN:11,PartnerAdBanner
FN:12,(anonymous_1)
FN:17,(anonymous_2)
FNF:3
FNH:0
FNDA:0,PartnerAdBanner
FNDA:0,(anonymous_1)
FNDA:0,(anonymous_2)
DA:12,0
DA:14,0
DA:17,0
DA:18,0
DA:19,0
DA:20,0
DA:24,0
DA:48,0
LF:8
LH:0
BRDA:18,0,0,0
BRDA:18,0,1,0
BRDA:19,1,0,0
BRDA:19,1,1,0
BRDA:25,2,0,0
BRDA:25,2,1,0
BRDA:34,3,0,0
BRDA:34,3,1,0
BRDA:41,4,0,0
BRDA:41,4,1,0
BRF:10
BRH:0
end_of_record
TN:
SF:src/components/PremiumGate.tsx
FN:18,PremiumGate
FNF:1
FNH:0
FNDA:0,PremiumGate
DA:19,0
DA:21,0
DA:23,0
DA:24,0
DA:27,0
DA:40,0
LF:6
LH:0
BRDA:21,0,0,0
BRDA:21,0,1,0
BRDA:23,1,0,0
BRDA:23,1,1,0
BRDA:31,2,0,0
BRDA:31,2,1,0
BRF:6
BRH:0
end_of_record
TN:
SF:src/components/SearchBar.tsx
FN:12,SearchBar
FN:33,(anonymous_1)
FNF:2
FNH:2
FNDA:8,SearchBar
FNDA:1,(anonymous_1)
DA:13,8
DA:33,1
DA:41,1
LF:3
LH:3
BRDA:25,0,0,8
BRDA:25,0,1,7
BRDA:32,1,0,8
BRDA:32,1,1,3
BRF:4
BRH:4
end_of_record
TN:
SF:src/components/SectionHeader.tsx
FN:11,SectionHeader
FNF:1
FNH:0
FNDA:0,SectionHeader
DA:16,0
DA:28,0
LF:2
LH:0
BRDA:14,0,0,0
BRDA:19,1,0,0
BRDA:19,1,1,0
BRF:3
BRH:0
end_of_record
TN:
SF:src/components/SubCategoryFilter.tsx
FN:19,SubCategoryFilter
FN:33,(anonymous_1)
FN:41,(anonymous_2)
FN:47,(anonymous_3)
FNF:4
FNH:0
FNDA:0,SubCategoryFilter
FNDA:0,(anonymous_1)
FNDA:0,(anonymous_2)
FNDA:0,(anonymous_3)
DA:20,0
DA:22,0
DA:24,0
DA:33,0
DA:42,0
DA:43,0
DA:47,0
DA:60,0
LF:8
LH:0
BRDA:20,0,0,0
BRDA:20,0,1,0
BRDA:22,1,0,0
BRDA:22,1,1,0
BRDA:32,2,0,0
BRDA:32,2,1,0
BRDA:36,3,0,0
BRDA:36,3,1,0
BRDA:46,4,0,0
BRDA:46,4,1,0
BRDA:50,5,0,0
BRDA:50,5,1,0
BRF:12
BRH:0
end_of_record
TN:
SF:src/config/subcategories.ts
FNF:0
FNH:0
DA:7,0
DA:32,0
LF:2
LH:0
BRF:0
BRH:0
end_of_record
TN:
SF:src/config/supabase.ts
FNF:0
FNH:0
DA:8,2
DA:10,2
DA:13,2
LF:3
LH:3
BRDA:8,0,0,2
BRDA:8,0,1,2
BRDA:10,1,0,2
BRDA:10,1,1,2
BRF:4
BRH:4
end_of_record
TN:
SF:src/context/AuthContext.tsx
FN:18,(anonymous_0)
FN:19,(anonymous_1)
FN:20,(anonymous_2)
FN:23,AuthProvider
FN:28,(anonymous_4)
FN:30,(anonymous_5)
FN:37,(anonymous_6)
FN:47,(anonymous_7)
FN:52,(anonymous_8)
FN:57,(anonymous_9)
FN:62,(anonymous_10)
FN:73,useAuth
FN:78,ensureAppUser
FNF:13
FNH:0
FNDA:0,(anonymous_0)
FNDA:0,(anonymous_1)
FNDA:0,(anonymous_2)
FNDA:0,AuthProvider
FNDA:0,(anonymous_4)
FNDA:0,(anonymous_5)
FNDA:0,(anonymous_6)
FNDA:0,(anonymous_7)
FNDA:0,(anonymous_8)
FNDA:0,(anonymous_9)
FNDA:0,(anonymous_10)
FNDA:0,useAuth
FNDA:0,ensureAppUser
DA:14,0
DA:18,0
DA:19,0
DA:24,0
DA:25,0
DA:26,0
DA:28,0
DA:30,0
DA:31,0
DA:32,0
DA:33,0
DA:37,0
DA:38,0
DA:39,0
DA:42,0
DA:43,0
DA:47,0
DA:48,0
DA:52,0
DA:53,0
DA:54,0
DA:57,0
DA:58,0
DA:59,0
DA:62,0
DA:63,0
DA:66,0
DA:74,0
DA:79,0
DA:83,0
DA:84,0
LF:31
LH:0
BRDA:32,0,0,0
BRDA:32,0,1,0
BRDA:39,1,0,0
BRDA:39,1,1,0
BRDA:42,2,0,0
BRDA:42,2,1,0
BRDA:83,3,0,0
BRDA:83,3,1,0
BRF:8
BRH:0
end_of_record
TN:
SF:src/hooks/useAppTier.ts
FN:13,useAppTier
FN:18,(anonymous_1)
FN:55,(anonymous_2)
FNF:3
FNH:3
FNDA:18,useAppTier
FNDA:9,(anonymous_1)
FNDA:9,(anonymous_2)
DA:14,18
DA:15,18
DA:16,18
DA:18,18
DA:19,9
DA:20,2
DA:21,2
DA:22,2
DA:25,7
DA:26,7
DA:27,7
DA:33,7
DA:35,6
DA:36,1
DA:37,1
DA:41,5
DA:42,3
DA:43,3
DA:45,2
DA:48,1
DA:49,1
DA:51,7
DA:55,18
DA:56,9
DA:59,18
LF:25
LH:25
BRDA:19,0,0,2
BRDA:19,0,1,7
BRDA:33,1,0,1
BRDA:33,1,1,6
BRDA:35,2,0,1
BRDA:35,2,1,5
BRDA:41,3,0,3
BRDA:41,3,1,2
BRDA:41,4,0,5
BRDA:41,4,1,4
BRDA:43,5,0,1
BRDA:43,5,1,2
BRDA:45,6,0,2
BRDA:45,6,1,0
BRF:14
BRH:13
end_of_record
TN:
SF:src/hooks/useEvents.ts
FN:17,useEvents
FN:22,(anonymous_1)
FN:35,(anonymous_2)
FNF:3
FNH:3
FNDA:22,useEvents
FNDA:11,(anonymous_1)
FNDA:9,(anonymous_2)
DA:18,22
DA:19,22
DA:20,22
DA:22,22
DA:23,11
DA:24,11
DA:25,11
DA:26,11
DA:27,8
DA:29,3
DA:31,11
DA:35,22
DA:36,9
DA:39,22
LF:14
LH:14
BRDA:17,0,0,18
BRDA:29,1,0,2
BRDA:29,1,1,1
BRF:3
BRH:3
end_of_record
TN:
SF:src/hooks/useListings.ts
FN:17,useListings
FN:22,(anonymous_1)
FN:35,(anonymous_2)
FNF:3
FNH:3
FNDA:22,useListings
FNDA:11,(anonymous_1)
FNDA:9,(anonymous_2)
DA:18,22
DA:19,22
DA:20,22
DA:22,22
DA:23,11
DA:24,11
DA:25,11
DA:26,11
DA:27,8
DA:29,3
DA:31,11
DA:35,22
DA:36,9
DA:39,22
LF:14
LH:14
BRDA:17,0,0,18
BRDA:29,1,0,2
BRDA:29,1,1,1
BRF:3
BRH:3
end_of_record
TN:
SF:src/hooks/useTranslation.ts
FN:20,useTranslation
FN:23,(anonymous_1)
FN:28,(anonymous_2)
FNF:3
FNH:3
FNDA:19,useTranslation
FNDA:7,(anonymous_1)
FNDA:41,(anonymous_2)
DA:11,1
DA:21,19
DA:23,19
DA:24,7
DA:27,19
DA:29,41
DA:34,19
LF:7
LH:7
BRDA:29,0,0,41
BRDA:29,0,1,1
BRDA:29,0,2,1
BRF:3
BRH:3
end_of_record
TN:
SF:src/screens/AccountScreen.tsx
FN:29,AccountScreen
FN:40,(anonymous_1)
FN:62,(anonymous_2)
FN:64,(anonymous_3)
FN:69,(anonymous_4)
FN:119,(anonymous_5)
FN:130,(anonymous_6)
FN:139,(anonymous_7)
FN:203,(anonymous_8)
FN:211,(anonymous_9)
FN:276,translateAuthError
FNF:11
FNH:0
FNDA:0,AccountScreen
FNDA:0,(anonymous_1)
FNDA:0,(anonymous_2)
FNDA:0,(anonymous_3)
FNDA:0,(anonymous_4)
FNDA:0,(anonymous_5)
FNDA:0,(anonymous_6)
FNDA:0,(anonymous_7)
FNDA:0,(anonymous_8)
FNDA:0,(anonymous_9)
FNDA:0,translateAuthError
DA:23,0
DA:25,0
DA:30,0
DA:31,0
DA:33,0
DA:34,0
DA:35,0
DA:36,0
DA:37,0
DA:38,0
DA:40,0
DA:41,0
DA:42,0
DA:43,0
DA:45,0
DA:46,0
DA:47,0
DA:49,0
DA:53,0
DA:55,0
DA:56,0
DA:57,0
DA:58,0
DA:62,0
DA:63,0
DA:64,0
DA:65,0
DA:69,0
DA:70,0
DA:76,0
DA:77,0
DA:87,0
DA:88,0
DA:120,0
DA:130,0
DA:139,0
DA:191,0
DA:203,0
DA:211,0
DA:269,0
DA:277,0
DA:278,0
DA:279,0
DA:280,0
DA:281,0
DA:284,0
LF:46
LH:0
BRDA:23,0,0,0
BRDA:23,0,1,0
BRDA:25,1,0,0
BRDA:25,1,1,0
BRDA:41,2,0,0
BRDA:41,2,1,0
BRDA:41,3,0,0
BRDA:41,3,1,0
BRDA:49,4,0,0
BRDA:49,4,1,0
BRDA:55,5,0,0
BRDA:55,5,1,0
BRDA:57,6,0,0
BRDA:57,6,1,0
BRDA:63,7,0,0
BRDA:63,7,1,0
BRDA:76,8,0,0
BRDA:76,8,1,0
BRDA:76,9,0,0
BRDA:76,9,1,0
BRDA:87,10,0,0
BRDA:87,10,1,0
BRDA:98,11,0,0
BRDA:98,11,1,0
BRDA:104,12,0,0
BRDA:104,12,1,0
BRDA:111,13,0,0
BRDA:111,13,1,0
BRDA:163,14,0,0
BRDA:163,14,1,0
BRDA:202,15,0,0
BRDA:202,15,1,0
BRDA:205,16,0,0
BRDA:205,16,1,0
BRDA:210,17,0,0
BRDA:210,17,1,0
BRDA:213,18,0,0
BRDA:213,18,1,0
BRDA:239,19,0,0
BRDA:239,19,1,0
BRDA:240,20,0,0
BRDA:240,20,1,0
BRDA:243,21,0,0
BRDA:243,21,1,0
BRDA:248,22,0,0
BRDA:248,22,1,0
BRDA:251,23,0,0
BRDA:251,23,1,0
BRDA:277,24,0,0
BRDA:277,24,1,0
BRDA:278,25,0,0
BRDA:278,25,1,0
BRDA:279,26,0,0
BRDA:279,26,1,0
BRDA:280,27,0,0
BRDA:280,27,1,0
BRF:56
BRH:0
end_of_record
TN:
SF:src/screens/CalendarScreen.tsx
FN:35,getToday
FN:39,addDays
FN:45,CalendarScreen
FN:55,(anonymous_3)
FN:58,(anonymous_4)
FN:63,(anonymous_5)
FN:91,(anonymous_6)
FN:97,(anonymous_7)
FN:140,(anonymous_8)
FN:141,(anonymous_9)
FN:148,(anonymous_10)
FN:183,formatSectionDate
FNF:12
FNH:0
FNDA:0,getToday
FNDA:0,addDays
FNDA:0,CalendarScreen
FNDA:0,(anonymous_3)
FNDA:0,(anonymous_4)
FNDA:0,(anonymous_5)
FNDA:0,(anonymous_6)
FNDA:0,(anonymous_7)
FNDA:0,(anonymous_8)
FNDA:0,(anonymous_9)
FNDA:0,(anonymous_10)
FNDA:0,formatSectionDate
DA:21,0
DA:23,0
DA:36,0
DA:40,0
DA:41,0
DA:42,0
DA:46,0
DA:47,0
DA:49,0
DA:55,0
DA:56,0
DA:57,0
DA:58,0
DA:61,0
DA:63,0
DA:64,0
DA:65,0
DA:66,0
DA:67,0
DA:68,0
DA:69,0
DA:71,0
DA:72,0
DA:75,0
DA:78,0
DA:92,0
DA:93,0
DA:97,0
DA:140,0
DA:142,0
DA:149,0
DA:184,0
DA:185,0
DA:186,0
DA:192,0
DA:196,0
LF:36
LH:0
BRDA:50,0,0,0
BRDA:50,0,1,0
BRDA:56,1,0,0
BRDA:56,1,1,0
BRDA:61,2,0,0
BRDA:61,2,1,0
BRDA:67,3,0,0
BRDA:67,3,1,0
BRDA:96,4,0,0
BRDA:96,4,1,0
BRDA:103,5,0,0
BRDA:103,5,1,0
BRDA:105,6,0,0
BRDA:105,6,1,0
BRDA:113,7,0,0
BRDA:113,7,1,0
BRDA:120,8,0,0
BRDA:120,8,1,0
BRDA:120,8,2,0
BRDA:129,9,0,0
BRDA:129,9,1,0
BRDA:129,9,2,0
BRDA:129,9,3,0
BRDA:137,10,0,0
BRDA:137,10,1,0
BRDA:137,10,2,0
BRDA:137,10,3,0
BRDA:145,11,0,0
BRDA:145,11,1,0
BRDA:158,12,0,0
BRDA:158,12,1,0
BRF:31
BRH:0
end_of_record
TN:
SF:src/screens/HomeScreen.tsx
FN:30,loadSaved
FN:39,toggleSaved
FN:41,(anonymous_2)
FN:47,getFormattedDate
FN:66,HomeScreen
FN:75,(anonymous_5)
FN:80,(anonymous_6)
FN:83,(anonymous_7)
FN:93,(anonymous_8)
FN:102,(anonymous_9)
FN:107,(anonymous_10)
FN:115,(anonymous_11)
FN:121,(anonymous_12)
FN:122,(anonymous_13)
FN:123,(anonymous_14)
FN:128,(anonymous_15)
FN:130,(anonymous_16)
FN:134,(anonymous_17)
FN:144,(anonymous_18)
FN:162,(anonymous_19)
FN:187,(anonymous_20)
FN:199,(anonymous_21)
FN:301,(anonymous_22)
FNF:23
FNH:0
FNDA:0,loadSaved
FNDA:0,toggleSaved
FNDA:0,(anonymous_2)
FNDA:0,getFormattedDate
FNDA:0,HomeScreen
FNDA:0,(anonymous_5)
FNDA:0,(anonymous_6)
FNDA:0,(anonymous_7)
FNDA:0,(anonymous_8)
FNDA:0,(anonymous_9)
FNDA:0,(anonymous_10)
FNDA:0,(anonymous_11)
FNDA:0,(anonymous_12)
FNDA:0,(anonymous_13)
FNDA:0,(anonymous_14)
FNDA:0,(anonymous_15)
FNDA:0,(anonymous_16)
FNDA:0,(anonymous_17)
FNDA:0,(anonymous_18)
FNDA:0,(anonymous_19)
FNDA:0,(anonymous_20)
FNDA:0,(anonymous_21)
FNDA:0,(anonymous_22)
DA:27,0
DA:28,0
DA:31,0
DA:32,0
DA:33,0
DA:35,0
DA:40,0
DA:41,0
DA:43,0
DA:44,0
DA:48,0
DA:67,0
DA:68,0
DA:69,0
DA:70,0
DA:71,0
DA:73,0
DA:75,0
DA:76,0
DA:80,0
DA:81,0
DA:82,0
DA:84,0
DA:88,0
DA:93,0
DA:94,0
DA:97,0
DA:102,0
DA:103,0
DA:104,0
DA:105,0
DA:106,0
DA:108,0
DA:113,0
DA:114,0
DA:115,0
DA:117,0
DA:121,0
DA:122,0
DA:123,0
DA:124,0
DA:128,0
DA:129,0
DA:130,0
DA:132,0
DA:133,0
DA:134,0
DA:135,0
DA:136,0
DA:137,0
DA:138,0
DA:141,0
DA:144,0
DA:145,0
DA:146,0
DA:149,0
DA:162,0
DA:163,0
DA:170,0
DA:171,0
DA:175,0
DA:176,0
DA:180,0
DA:181,0
DA:184,0
DA:185,0
DA:186,0
DA:187,0
DA:188,0
DA:189,0
DA:190,0
DA:191,0
DA:196,0
DA:199,0
DA:200,0
DA:202,0
DA:220,0
DA:229,0
DA:232,0
DA:241,0
DA:253,0
DA:256,0
DA:263,0
DA:266,0
DA:276,0
DA:280,0
DA:302,0
DA:303,0
DA:304,0
DA:327,0
LF:90
LH:0
BRDA:33,0,0,0
BRDA:33,0,1,0
BRDA:40,1,0,0
BRDA:40,1,1,0
BRDA:81,2,0,0
BRDA:81,2,1,0
BRDA:84,3,0,0
BRDA:84,3,1,0
BRDA:98,4,0,0
BRDA:98,4,1,0
BRDA:99,5,0,0
BRDA:99,5,1,0
BRDA:104,6,0,0
BRDA:104,6,1,0
BRDA:108,7,0,0
BRDA:108,7,1,0
BRDA:108,7,2,0
BRDA:109,8,0,0
BRDA:109,8,1,0
BRDA:110,9,0,0
BRDA:110,9,1,0
BRDA:113,10,0,0
BRDA:113,10,1,0
BRDA:114,11,0,0
BRDA:114,11,1,0
BRDA:115,12,0,0
BRDA:115,12,1,0
BRDA:129,13,0,0
BRDA:129,13,1,0
BRDA:129,14,0,0
BRDA:129,14,1,0
BRDA:136,15,0,0
BRDA:136,15,1,0
BRDA:136,16,0,0
BRDA:136,16,1,0
BRDA:149,17,0,0
BRDA:149,17,1,0
BRDA:149,18,0,0
BRDA:149,18,1,0
BRDA:170,19,0,0
BRDA:170,19,1,0
BRDA:175,20,0,0
BRDA:175,20,1,0
BRDA:175,21,0,0
BRDA:175,21,1,0
BRDA:175,21,2,0
BRDA:180,22,0,0
BRDA:180,22,1,0
BRDA:184,23,0,0
BRDA:184,23,1,0
BRDA:184,24,0,0
BRDA:184,24,1,0
BRDA:189,25,0,0
BRDA:189,25,1,0
BRDA:189,26,0,0
BRDA:189,26,1,0
BRDA:189,26,2,0
BRDA:200,27,0,0
BRDA:200,27,1,0
BRDA:200,27,2,0
BRDA:200,27,3,0
BRDA:200,27,4,0
BRDA:200,27,5,0
BRDA:200,27,6,0
BRDA:200,27,7,0
BRDA:200,27,8,0
BRDA:200,27,9,0
BRDA:211,28,0,0
BRDA:211,28,1,0
BRDA:232,29,0,0
BRDA:232,29,1,0
BRDA:282,30,0,0
BRDA:282,30,1,0
BRDA:289,31,0,0
BRDA:289,31,1,0
BRDA:289,31,2,0
BRDA:298,32,0,0
BRDA:298,32,1,0
BRDA:302,33,0,0
BRDA:302,33,1,0
BRDA:303,34,0,0
BRDA:303,34,1,0
BRDA:313,35,0,0
BRDA:313,35,1,0
BRDA:313,36,0,0
BRDA:313,36,1,0
BRDA:313,36,2,0
BRF:87
BRH:0
end_of_record
TN:
SF:src/screens/MapScreen.tsx
FN:32,htmlEscape
FN:41,buildLeafletHTML
FN:44,(anonymous_2)
FN:50,(anonymous_3)
FN:117,MapScreen
FN:123,(anonymous_5)
FN:124,load
FN:141,(anonymous_7)
FN:175,(anonymous_8)
FNF:9
FNH:0
FNDA:0,htmlEscape
FNDA:0,buildLeafletHTML
FNDA:0,(anonymous_2)
FNDA:0,(anonymous_3)
FNDA:0,MapScreen
FNDA:0,(anonymous_5)
FNDA:0,load
FNDA:0,(anonymous_7)
FNDA:0,(anonymous_8)
DA:16,0
DA:17,0
DA:19,0
DA:33,0
DA:42,0
DA:45,0
DA:51,0
DA:52,0
DA:53,0
DA:54,0
DA:55,0
DA:56,0
DA:68,0
DA:76,0
DA:118,0
DA:119,0
DA:120,0
DA:121,0
DA:123,0
DA:125,0
DA:126,0
DA:127,0
DA:128,0
DA:129,0
DA:131,0
DA:133,0
DA:136,0
DA:139,0
DA:141,0
DA:143,0
DA:145,0
DA:175,0
DA:182,0
LF:33
LH:0
BRDA:45,0,0,0
BRDA:45,0,1,0
BRDA:45,0,2,0
BRDA:45,0,3,0
BRDA:51,1,0,0
BRDA:51,1,1,0
BRDA:52,2,0,0
BRDA:52,2,1,0
BRDA:54,3,0,0
BRDA:54,3,1,0
BRDA:55,4,0,0
BRDA:55,4,1,0
BRDA:57,5,0,0
BRDA:57,5,1,0
BRDA:59,6,0,0
BRDA:59,6,1,0
BRDA:60,7,0,0
BRDA:60,7,1,0
BRDA:68,8,0,0
BRDA:68,8,1,0
BRDA:68,9,0,0
BRDA:68,9,1,0
BRDA:68,9,2,0
BRDA:68,9,3,0
BRDA:131,10,0,0
BRDA:131,10,1,0
BRDA:139,11,0,0
BRDA:139,11,1,0
BRDA:150,12,0,0
BRDA:150,12,1,0
BRDA:158,13,0,0
BRDA:158,13,1,0
BRDA:165,14,0,0
BRDA:165,14,1,0
BRDA:165,14,2,0
BRDA:171,15,0,0
BRDA:171,15,1,0
BRF:37
BRH:0
end_of_record
TN:
SF:src/screens/PartnerPortalScreen.tsx
FN:73,PartnerPortalScreen
FN:82,(anonymous_1)
FN:105,(anonymous_2)
FN:135,(anonymous_3)
FN:142,(anonymous_4)
FN:143,(anonymous_5)
FN:152,(anonymous_6)
FN:153,(anonymous_7)
FN:159,(anonymous_8)
FN:175,(anonymous_9)
FN:211,(anonymous_10)
FN:220,(anonymous_11)
FN:234,(anonymous_12)
FN:258,(anonymous_13)
FN:281,RegisterView
FN:290,(anonymous_15)
FN:355,(anonymous_16)
FN:359,(anonymous_17)
FN:393,PlanSelectionView
FN:402,(anonymous_19)
FN:411,(anonymous_20)
FN:413,(anonymous_21)
FN:434,(anonymous_22)
FN:448,(anonymous_23)
FN:458,(anonymous_24)
FN:475,NewAdView
FN:492,(anonymous_26)
FN:557,(anonymous_27)
FN:561,(anonymous_28)
FN:599,FormField
FNF:30
FNH:0
FNDA:0,PartnerPortalScreen
FNDA:0,(anonymous_1)
FNDA:0,(anonymous_2)
FNDA:0,(anonymous_3)
FNDA:0,(anonymous_4)
FNDA:0,(anonymous_5)
FNDA:0,(anonymous_6)
FNDA:0,(anonymous_7)
FNDA:0,(anonymous_8)
FNDA:0,(anonymous_9)
FNDA:0,(anonymous_10)
FNDA:0,(anonymous_11)
FNDA:0,(anonymous_12)
FNDA:0,(anonymous_13)
FNDA:0,RegisterView
FNDA:0,(anonymous_15)
FNDA:0,(anonymous_16)
FNDA:0,(anonymous_17)
FNDA:0,PlanSelectionView
FNDA:0,(anonymous_19)
FNDA:0,(anonymous_20)
FNDA:0,(anonymous_21)
FNDA:0,(anonymous_22)
FNDA:0,(anonymous_23)
FNDA:0,(anonymous_24)
FNDA:0,NewAdView
FNDA:0,(anonymous_26)
FNDA:0,(anonymous_27)
FNDA:0,(anonymous_28)
FNDA:0,FormField
DA:33,0
DA:62,0
DA:74,0
DA:75,0
DA:76,0
DA:77,0
DA:78,0
DA:79,0
DA:80,0
DA:82,0
DA:83,0
DA:84,0
DA:85,0
DA:86,0
DA:87,0
DA:88,0
DA:89,0
DA:94,0
DA:95,0
DA:96,0
DA:99,0
DA:101,0
DA:105,0
DA:107,0
DA:108,0
DA:124,0
DA:125,0
DA:134,0
DA:135,0
DA:138,0
DA:139,0
DA:142,0
DA:143,0
DA:148,0
DA:149,0
DA:152,0
DA:153,0
DA:159,0
DA:161,0
DA:175,0
DA:211,0
DA:220,0
DA:235,0
DA:259,0
DA:282,0
DA:283,0
DA:284,0
DA:285,0
DA:286,0
DA:287,0
DA:288,0
DA:290,0
DA:291,0
DA:292,0
DA:293,0
DA:295,0
DA:296,0
DA:297,0
DA:298,0
DA:307,0
DA:309,0
DA:311,0
DA:315,0
DA:356,0
DA:359,0
DA:402,0
DA:403,0
DA:404,0
DA:412,0
DA:413,0
DA:414,0
DA:416,0
DA:423,0
DA:435,0
DA:436,0
DA:449,0
DA:458,0
DA:484,0
DA:485,0
DA:486,0
DA:487,0
DA:488,0
DA:489,0
DA:490,0
DA:492,0
DA:493,0
DA:494,0
DA:495,0
DA:497,0
DA:498,0
DA:499,0
DA:500,0
DA:509,0
DA:510,0
DA:512,0
DA:514,0
DA:518,0
DA:558,0
DA:561,0
DA:612,0
DA:629,0
DA:640,0
DA:646,0
LF:103
LH:0
BRDA:64,0,0,0
BRDA:64,0,1,0
BRDA:66,1,0,0
BRDA:66,1,1,0
BRDA:68,2,0,0
BRDA:68,2,1,0
BRDA:83,3,0,0
BRDA:83,3,1,0
BRDA:88,4,0,0
BRDA:88,4,1,0
BRDA:107,5,0,0
BRDA:107,5,1,0
BRDA:124,6,0,0
BRDA:124,6,1,0
BRDA:134,7,0,0
BRDA:134,7,1,0
BRDA:134,8,0,0
BRDA:134,8,1,0
BRDA:134,8,2,0
BRDA:138,9,0,0
BRDA:138,9,1,0
BRDA:148,10,0,0
BRDA:148,10,1,0
BRDA:170,11,0,0
BRDA:170,11,1,0
BRDA:175,12,0,0
BRDA:175,12,1,0
BRDA:178,13,0,0
BRDA:178,13,1,0
BRDA:180,14,0,0
BRDA:180,14,1,0
BRDA:184,15,0,0
BRDA:184,15,1,0
BRDA:192,16,0,0
BRDA:192,16,1,0
BRDA:197,17,0,0
BRDA:197,17,1,0
BRDA:199,18,0,0
BRDA:199,18,1,0
BRDA:231,19,0,0
BRDA:231,19,1,0
BRDA:239,20,0,0
BRDA:239,20,1,0
BRDA:239,21,0,0
BRDA:239,21,1,0
BRDA:242,22,0,0
BRDA:242,22,1,0
BRDA:244,23,0,0
BRDA:244,23,1,0
BRDA:255,24,0,0
BRDA:255,24,1,0
BRDA:266,25,0,0
BRDA:266,25,1,0
BRDA:268,26,0,0
BRDA:268,26,1,0
BRDA:291,27,0,0
BRDA:291,27,1,0
BRDA:291,28,0,0
BRDA:291,28,1,0
BRDA:309,29,0,0
BRDA:309,29,1,0
BRDA:358,30,0,0
BRDA:358,30,1,0
BRDA:361,31,0,0
BRDA:361,31,1,0
BRDA:369,32,0,0
BRDA:369,32,1,0
BRDA:372,33,0,0
BRDA:372,33,1,0
BRDA:377,34,0,0
BRDA:377,34,1,0
BRDA:437,35,0,0
BRDA:437,35,1,0
BRDA:438,36,0,0
BRDA:438,36,1,0
BRDA:457,37,0,0
BRDA:457,37,1,0
BRDA:458,38,0,0
BRDA:458,38,1,0
BRDA:462,39,0,0
BRDA:462,39,1,0
BRDA:463,40,0,0
BRDA:463,40,1,0
BRDA:493,41,0,0
BRDA:493,41,1,0
BRDA:504,42,0,0
BRDA:504,42,1,0
BRDA:512,43,0,0
BRDA:512,43,1,0
BRDA:560,44,0,0
BRDA:560,44,1,0
BRDA:563,45,0,0
BRDA:563,45,1,0
BRDA:570,46,0,0
BRDA:570,46,1,0
BRDA:571,47,0,0
BRDA:571,47,1,0
BRDA:572,48,0,0
BRDA:572,48,1,0
BRDA:575,49,0,0
BRDA:575,49,1,0
BRDA:578,50,0,0
BRDA:578,50,1,0
BRDA:583,51,0,0
BRDA:583,51,1,0
BRDA:621,52,0,0
BRDA:621,52,1,0
BRF:107
BRH:0
end_of_record
TN:
SF:src/screens/SavedScreen.tsx
FN:20,SavedScreen
FN:26,(anonymous_1)
FN:27,load
FN:36,(anonymous_3)
FN:50,(anonymous_4)
FN:52,(anonymous_5)
FN:56,(anonymous_6)
FN:59,(anonymous_7)
FN:119,(anonymous_8)
FN:120,(anonymous_9)
FNF:10
FNH:0
FNDA:0,SavedScreen
FNDA:0,(anonymous_1)
FNDA:0,load
FNDA:0,(anonymous_3)
FNDA:0,(anonymous_4)
FNDA:0,(anonymous_5)
FNDA:0,(anonymous_6)
FNDA:0,(anonymous_7)
FNDA:0,(anonymous_8)
FNDA:0,(anonymous_9)
DA:17,0
DA:18,0
DA:21,0
DA:22,0
DA:23,0
DA:24,0
DA:26,0
DA:28,0
DA:29,0
DA:30,0
DA:31,0
DA:32,0
DA:34,0
DA:35,0
DA:36,0
DA:37,0
DA:39,0
DA:42,0
DA:44,0
DA:47,0
DA:50,0
DA:51,0
DA:52,0
DA:54,0
DA:55,0
DA:56,0
DA:57,0
DA:59,0
DA:64,0
DA:65,0
DA:67,0
DA:68,0
DA:80,0
DA:119,0
DA:121,0
DA:156,0
LF:36
LH:0
BRDA:31,0,0,0
BRDA:31,0,1,0
BRDA:34,1,0,0
BRDA:34,1,1,0
BRDA:51,2,0,0
BRDA:51,2,1,0
BRDA:57,3,0,0
BRDA:57,3,1,0
BRDA:64,4,0,0
BRDA:64,4,1,0
BRDA:65,5,0,0
BRDA:65,5,1,0
BRDA:67,6,0,0
BRDA:67,6,1,0
BRDA:84,7,0,0
BRDA:84,7,1,0
BRDA:87,8,0,0
BRDA:87,8,1,0
BRDA:93,9,0,0
BRDA:93,9,1,0
BRDA:93,9,2,0
BRDA:101,10,0,0
BRDA:101,10,1,0
BRDA:108,11,0,0
BRDA:108,11,1,0
BRDA:131,12,0,0
BRDA:131,12,1,0
BRF:27
BRH:0
end_of_record
TN:
SF:src/services/aiGuideService.ts
FN:25,askAiGuide
FN:35,(anonymous_1)
FN:63,getOfflineResponse
FN:73,(anonymous_3)
FNF:4
FNH:3
FNDA:31,askAiGuide
FNDA:0,(anonymous_1)
FNDA:31,getOfflineResponse
FNDA:544,(anonymous_3)
DA:1,1
DA:3,1
DA:17,1
DA:29,31
DA:30,31
DA:33,0
DA:35,0
DA:39,0
DA:53,0
DA:54,0
DA:55,0
DA:58,0
DA:59,0
DA:64,31
DA:67,31
DA:73,544
DA:74,10
DA:77,21
DA:78,3
DA:80,18
DA:81,3
DA:83,15
DA:84,3
DA:86,12
DA:87,4
DA:89,8
DA:90,3
DA:92,5
DA:93,3
DA:95,2
LF:30
LH:22
BRDA:1,0,0,1
BRDA:1,0,1,1
BRDA:27,1,0,30
BRDA:29,2,0,31
BRDA:29,2,1,0
BRDA:29,3,0,31
BRDA:29,3,1,0
BRDA:53,4,0,0
BRDA:53,4,1,0
BRDA:59,5,0,0
BRDA:59,5,1,0
BRDA:73,6,0,10
BRDA:73,6,1,21
BRDA:77,7,0,3
BRDA:77,7,1,18
BRDA:77,8,0,21
BRDA:77,8,1,20
BRDA:77,8,2,19
BRDA:80,9,0,3
BRDA:80,9,1,15
BRDA:80,10,0,18
BRDA:80,10,1,18
BRDA:80,10,2,16
BRDA:83,11,0,3
BRDA:83,11,1,12
BRDA:83,12,0,15
BRDA:83,12,1,14
BRDA:83,12,2,13
BRDA:86,13,0,4
BRDA:86,13,1,8
BRDA:86,14,0,12
BRDA:86,14,1,11
BRDA:86,14,2,9
BRDA:89,15,0,3
BRDA:89,15,1,5
BRDA:89,16,0,8
BRDA:89,16,1,7
BRDA:89,16,2,6
BRDA:92,17,0,3
BRDA:92,17,1,2
BRDA:92,18,0,5
BRDA:92,18,1,4
BRDA:92,18,2,3
BRF:43
BRH:37
end_of_record
TN:
SF:src/services/supabaseService.ts
FN:17,fetchListings
FN:40,fetchListingsWithCoords
FN:54,fetchEvents
FN:79,fetchAds
FN:91,fetchPartnerAds
FN:108,trackAdImpression
FN:113,trackAdClick
FN:119,fetchAppUser
FN:132,fetchMyPartnerProfile
FN:146,createPartnerProfile
FN:162,updatePartnerProfile
FN:174,fetchMySubscriptions
FN:185,fetchMyInvoices
FN:196,fetchMyAds
FN:207,createPartnerAd
FN:220,updatePartnerAd
FN:234,adminFetchAllPartners
FN:244,adminUpdatePartnerStatus
FN:256,adminFetchAllInvoices
FN:266,adminFetchAllPartnerAds
FN:276,adminTogglePartnerAd
FN:285,adminMarkInvoicePaid
FNF:22
FNH:22
FNDA:6,fetchListings
FNDA:2,fetchListingsWithCoords
FNDA:5,fetchEvents
FNDA:2,fetchAds
FNDA:4,fetchPartnerAds
FNDA:1,trackAdImpression
FNDA:1,trackAdClick
FNDA:3,fetchAppUser
FNDA:3,fetchMyPartnerProfile
FNDA:2,createPartnerProfile
FNDA:2,updatePartnerProfile
FNDA:3,fetchMySubscriptions
FNDA:2,fetchMyInvoices
FNDA:1,fetchMyAds
FNDA:2,createPartnerAd
FNDA:2,updatePartnerAd
FNDA:2,adminFetchAllPartners
FNDA:2,adminUpdatePartnerStatus
FNDA:2,adminFetchAllInvoices
FNDA:1,adminFetchAllPartnerAds
FNDA:2,adminTogglePartnerAd
FNDA:2,adminMarkInvoicePaid
DA:21,6
DA:27,6
DA:28,2
DA:31,6
DA:32,2
DA:35,6
DA:36,6
DA:37,5
DA:41,2
DA:48,2
DA:49,1
DA:58,5
DA:64,5
DA:65,1
DA:68,5
DA:69,1
DA:72,5
DA:73,5
DA:74,4
DA:80,2
DA:85,2
DA:86,1
DA:92,4
DA:98,4
DA:99,1
DA:102,4
DA:103,4
DA:104,3
DA:109,1
DA:114,1
DA:120,3
DA:126,3
DA:127,2
DA:133,3
DA:134,3
DA:136,2
DA:142,2
DA:143,1
DA:149,2
DA:150,2
DA:152,1
DA:158,1
DA:159,1
DA:166,2
DA:171,2
DA:175,3
DA:181,3
DA:182,2
DA:186,2
DA:192,2
DA:193,2
DA:197,1
DA:203,1
DA:204,1
DA:210,2
DA:216,2
DA:217,1
DA:224,2
DA:229,2
DA:235,2
DA:240,2
DA:241,2
DA:248,2
DA:253,2
DA:257,2
DA:262,2
DA:263,2
DA:267,1
DA:272,1
DA:273,1
DA:277,2
DA:282,2
DA:289,2
DA:294,2
LF:74
LH:74
BRDA:27,0,0,2
BRDA:27,0,1,4
BRDA:31,1,0,2
BRDA:31,1,1,4
BRDA:36,2,0,1
BRDA:36,2,1,5
BRDA:37,3,0,5
BRDA:37,3,1,1
BRDA:48,4,0,1
BRDA:48,4,1,1
BRDA:49,5,0,1
BRDA:49,5,1,0
BRDA:64,6,0,1
BRDA:64,6,1,4
BRDA:68,7,0,1
BRDA:68,7,1,4
BRDA:73,8,0,1
BRDA:73,8,1,4
BRDA:74,9,0,4
BRDA:74,9,1,1
BRDA:85,10,0,1
BRDA:85,10,1,1
BRDA:86,11,0,1
BRDA:86,11,1,0
BRDA:98,12,0,1
BRDA:98,12,1,3
BRDA:103,13,0,1
BRDA:103,13,1,3
BRDA:104,14,0,3
BRDA:104,14,1,1
BRDA:126,15,0,1
BRDA:126,15,1,2
BRDA:134,16,0,1
BRDA:134,16,1,2
BRDA:142,17,0,1
BRDA:142,17,1,1
BRDA:150,18,0,1
BRDA:150,18,1,1
BRDA:158,19,0,0
BRDA:158,19,1,1
BRDA:171,20,0,1
BRDA:171,20,1,1
BRDA:181,21,0,1
BRDA:181,21,1,2
BRDA:182,22,0,2
BRDA:182,22,1,1
BRDA:192,23,0,0
BRDA:192,23,1,2
BRDA:193,24,0,2
BRDA:193,24,1,1
BRDA:203,25,0,0
BRDA:203,25,1,1
BRDA:204,26,0,1
BRDA:204,26,1,0
BRDA:216,27,0,1
BRDA:216,27,1,1
BRDA:229,28,0,1
BRDA:229,28,1,1
BRDA:240,29,0,0
BRDA:240,29,1,2
BRDA:241,30,0,2
BRDA:241,30,1,1
BRDA:253,31,0,1
BRDA:253,31,1,1
BRDA:262,32,0,0
BRDA:262,32,1,2
BRDA:263,33,0,2
BRDA:263,33,1,1
BRDA:272,34,0,0
BRDA:272,34,1,1
BRDA:273,35,0,1
BRDA:273,35,1,0
BRDA:282,36,0,1
BRDA:282,36,1,1
BRDA:294,37,0,1
BRDA:294,37,1,1
BRF:76
BRH:66
end_of_record
TN:
SF:src/styles/theme.ts
FNF:0
FNH:0
DA:1,2
LF:1
LH:1
BRF:0
BRH:0
end_of_record
TN:
SF:src/types/index.ts
FNF:0
FNH:0
LF:0
LH:0
BRF:0
BRH:0
end_of_record
